<?xml version="1.0" encoding="utf-8"?>
<coverage line-rate="0.7796" branch-rate="0.5818" version="1.9" timestamp="1775000513" lines-covered="2523" lines-valid="3236" branches-covered="622" branches-valid="1069">
  <sources>
    <source>C:\work\cube.core\</source>
  </sources>
  <packages>
    <package name="Cube.Core" line-rate="0.606" branch-rate="0.5342" complexity="1201">
      <classes>
        <class name="Cube.Accessor`1" filename="Libraries\Core\Sources\Accessor.cs" line-rate="1" branch-rate="1" complexity="10">
          <methods>
            <method name="Get" signature="()" line-rate="1" branch-rate="1" complexity="1">
              <lines>
                <line number="176" hits="59" branch="False" />
              </lines>
            </method>
            <method name="Set" signature="(T)" line-rate="1" branch-rate="1" complexity="2">
              <lines>
                <line number="196" hits="29" branch="True" condition-coverage="100% (2/2)">
                  <conditions>
                    <condition number="18" type="jump" coverage="100%" />
                  </conditions>
                </line>
                <line number="197" hits="21" branch="False" />
                <line number="198" hits="20" branch="False" />
              </lines>
            </method>
            <method name=".ctor" signature="()" line-rate="1" branch-rate="1" complexity="1">
              <lines>
                <line number="67" hits="10" branch="False" />
              </lines>
            </method>
            <method name=".ctor" signature="(T)" line-rate="1" branch-rate="1" complexity="1">
              <lines>
                <line number="81" hits="52" branch="False" />
              </lines>
            </method>
            <method name=".ctor" signature="(T,System.Collections.Generic.IEqualityComparer`1&lt;T&gt;)" line-rate="1" branch-rate="1" complexity="1">
              <lines>
                <line number="96" hits="26" branch="False" />
                <line number="98" hits="26" branch="False" />
                <line number="100" hits="26" branch="False" />
                <line number="101" hits="70" branch="False" />
                <line number="102" hits="42" branch="False" />
                <line number="103" hits="26" branch="False" />
              </lines>
            </method>
            <method name=".ctor" signature="(Cube.Getter`1&lt;T&gt;)" line-rate="1" branch-rate="1" complexity="2">
              <lines>
                <line number="122" hits="3" branch="True" condition-coverage="100% (2/2)">
                  <conditions>
                    <condition number="8" type="jump" coverage="100%" />
                  </conditions>
                </line>
              </lines>
            </method>
            <method name=".ctor" signature="(Cube.Getter`1&lt;T&gt;,Cube.Setter`1&lt;T&gt;)" line-rate="1" branch-rate="1" complexity="1">
              <lines>
                <line number="138" hits="6" branch="False" />
              </lines>
            </method>
            <method name=".ctor" signature="(Cube.Getter`1&lt;T&gt;,Cube.Setter`1&lt;T&gt;,System.Collections.Generic.IEqualityComparer`1&lt;T&gt;)" line-rate="1" branch-rate="1" complexity="1">
              <lines>
                <line number="154" hits="3" branch="False" />
                <line number="156" hits="3" branch="False" />
                <line number="157" hits="3" branch="False" />
                <line number="158" hits="3" branch="False" />
                <line number="159" hits="3" branch="False" />
              </lines>
            </method>
          </methods>
          <lines>
            <line number="176" hits="59" branch="False" />
            <line number="196" hits="29" branch="True" condition-coverage="100% (2/2)">
              <conditions>
                <condition number="18" type="jump" coverage="100%" />
              </conditions>
            </line>
            <line number="197" hits="21" branch="False" />
            <line number="198" hits="20" branch="False" />
            <line number="67" hits="10" branch="False" />
            <line number="81" hits="52" branch="False" />
            <line number="96" hits="26" branch="False" />
            <line number="98" hits="26" branch="False" />
            <line number="100" hits="26" branch="False" />
            <line number="101" hits="70" branch="False" />
            <line number="102" hits="42" branch="False" />
            <line number="103" hits="26" branch="False" />
            <line number="122" hits="3" branch="True" condition-coverage="100% (2/2)">
              <conditions>
                <condition number="8" type="jump" coverage="100%" />
              </conditions>
            </line>
            <line number="138" hits="6" branch="False" />
            <line number="154" hits="3" branch="False" />
            <line number="156" hits="3" branch="False" />
            <line number="157" hits="3" branch="False" />
            <line number="158" hits="3" branch="False" />
            <line number="159" hits="3" branch="False" />
          </lines>
        </class>
        <class name="Cube.Aggregator" filename="Libraries\Core\Sources\Aggregator.cs" line-rate="1" branch-rate="1" complexity="14">
          <methods>
            <method name="Publish" signature="(T)" line-rate="1" branch-rate="1" complexity="6">
              <lines>
                <line number="132" hits="25" branch="True" condition-coverage="100% (2/2)">
                  <conditions>
                    <condition number="6" type="jump" coverage="100%" />
                  </conditions>
                </line>
                <line number="133" hits="23" branch="False" />
                <line number="134" hits="28" branch="True" condition-coverage="100% (2/2)">
                  <conditions>
                    <condition number="40" type="jump" coverage="100%" />
                  </conditions>
                </line>
                <line number="135" hits="90" branch="True" condition-coverage="100% (2/2)">
                  <conditions>
                    <condition number="75" type="jump" coverage="100%" />
                  </conditions>
                </line>
                <line number="136" hits="18" branch="False" />
              </lines>
            </method>
            <method name="Subscribe" signature="(System.Action`1&lt;T&gt;)" line-rate="1" branch-rate="1" complexity="1">
              <lines>
                <line number="156" hits="26" branch="False" />
              </lines>
            </method>
            <method name="Get" signature="(System.Type)" line-rate="1" branch-rate="1" complexity="1">
              <lines>
                <line number="172" hits="31" branch="False" />
              </lines>
            </method>
            <method name="GetOrAdd" signature="(System.Type)" line-rate="1" branch-rate="1" complexity="4">
              <lines>
                <line number="185" hits="8" branch="True" condition-coverage="100% (2/2)">
                  <conditions>
                    <condition number="12" type="jump" coverage="100%" />
                  </conditions>
                </line>
                <line number="187" hits="7" branch="False" />
                <line number="189" hits="7" branch="True" condition-coverage="100% (2/2)">
                  <conditions>
                    <condition number="48" type="jump" coverage="100%" />
                  </conditions>
                </line>
                <line number="191" hits="7" branch="False" />
                <line number="193" hits="7" branch="False" />
                <line number="195" hits="8" branch="False" />
              </lines>
            </method>
            <method name=".ctor" signature="()" line-rate="1" branch-rate="1" complexity="1">
              <lines>
                <line number="83" hits="22" branch="False" />
              </lines>
            </method>
            <method name=".ctor" signature="(System.Int32)" line-rate="1" branch-rate="1" complexity="1">
              <lines>
                <line number="113" hits="22" branch="False" />
              </lines>
            </method>
          </methods>
          <lines>
            <line number="132" hits="25" branch="True" condition-coverage="100% (2/2)">
              <conditions>
                <condition number="6" type="jump" coverage="100%" />
              </conditions>
            </line>
            <line number="133" hits="23" branch="False" />
            <line number="134" hits="28" branch="True" condition-coverage="100% (2/2)">
              <conditions>
                <condition number="40" type="jump" coverage="100%" />
              </conditions>
            </line>
            <line number="135" hits="90" branch="True" condition-coverage="100% (2/2)">
              <conditions>
                <condition number="75" type="jump" coverage="100%" />
              </conditions>
            </line>
            <line number="136" hits="18" branch="False" />
            <line number="156" hits="26" branch="False" />
            <line number="172" hits="31" branch="False" />
            <line number="185" hits="8" branch="True" condition-coverage="100% (2/2)">
              <conditions>
                <condition number="12" type="jump" coverage="100%" />
              </conditions>
            </line>
            <line number="187" hits="7" branch="False" />
            <line number="189" hits="7" branch="True" condition-coverage="100% (2/2)">
              <conditions>
                <condition number="48" type="jump" coverage="100%" />
              </conditions>
            </line>
            <line number="191" hits="7" branch="False" />
            <line number="193" hits="7" branch="False" />
            <line number="195" hits="8" branch="False" />
            <line number="83" hits="22" branch="False" />
            <line number="113" hits="22" branch="False" />
          </lines>
        </class>
        <class name="Cube.Dispatcher" filename="Libraries\Core\Sources\Dispatcher.cs" line-rate="1" branch-rate="1" complexity="1">
          <methods>
            <method name="get_Vanilla" signature="()" line-rate="1" branch-rate="1" complexity="1">
              <lines>
                <line number="45" hits="46" branch="False" />
              </lines>
            </method>
          </methods>
          <lines>
            <line number="45" hits="46" branch="False" />
          </lines>
        </class>
        <class name="Cube.ContextDispatcher" filename="Libraries\Core\Sources\Dispatcher.cs" line-rate="1" branch-rate="1" complexity="7">
          <methods>
            <method name="get_Synchronous" signature="()" line-rate="1" branch-rate="1" complexity="1">
              <lines>
                <line number="139" hits="37" branch="False" />
              </lines>
            </method>
            <method name="get_Context" signature="()" line-rate="1" branch-rate="1" complexity="1">
              <lines>
                <line number="150" hits="37" branch="False" />
              </lines>
            </method>
            <method name="Invoke" signature="(System.Action)" line-rate="1" branch-rate="1" complexity="2">
              <lines>
                <line number="165" hits="105" branch="True" condition-coverage="100% (2/2)">
                  <conditions>
                    <condition number="19" type="jump" coverage="100%" />
                  </conditions>
                </line>
                <line number="166" hits="6" branch="False" />
                <line number="167" hits="3" branch="False" />
              </lines>
            </method>
            <method name=".ctor" signature="(System.Boolean)" line-rate="1" branch-rate="1" complexity="1">
              <lines>
                <line number="96" hits="1" branch="False" />
              </lines>
            </method>
            <method name=".ctor" signature="(System.Threading.SynchronizationContext,System.Boolean)" line-rate="1" branch-rate="1" complexity="2">
              <lines>
                <line number="118" hits="23" branch="False" />
                <line number="120" hits="23" branch="False" />
                <line number="121" hits="23" branch="True" condition-coverage="100% (2/2)">
                  <conditions>
                    <condition number="16" type="jump" coverage="100%" />
                  </conditions>
                </line>
                <line number="122" hits="22" branch="False" />
              </lines>
            </method>
          </methods>
          <lines>
            <line number="139" hits="37" branch="False" />
            <line number="150" hits="37" branch="False" />
            <line number="165" hits="105" branch="True" condition-coverage="100% (2/2)">
              <conditions>
                <condition number="19" type="jump" coverage="100%" />
              </conditions>
            </line>
            <line number="166" hits="6" branch="False" />
            <line number="167" hits="3" branch="False" />
            <line number="96" hits="1" branch="False" />
            <line number="118" hits="23" branch="False" />
            <line number="120" hits="23" branch="False" />
            <line number="121" hits="23" branch="True" condition-coverage="100% (2/2)">
              <conditions>
                <condition number="16" type="jump" coverage="100%" />
              </conditions>
            </line>
            <line number="122" hits="22" branch="False" />
          </lines>
        </class>
        <class name="Cube.VanillaDispatcher" filename="Libraries\Core\Sources\Dispatcher.cs" line-rate="1" branch-rate="1" complexity="1">
          <methods>
            <method name="Invoke" signature="(System.Action)" line-rate="1" branch-rate="1" complexity="1">
              <lines>
                <line number="196" hits="47" branch="False" />
              </lines>
            </method>
          </methods>
          <lines>
            <line number="196" hits="47" branch="False" />
          </lines>
        </class>
        <class name="Cube.Disposable" filename="Libraries\Core\Sources\Disposable.cs" line-rate="1" branch-rate="1" complexity="2">
          <methods>
            <method name="Create" signature="(System.Action)" line-rate="1" branch-rate="1" complexity="2">
              <lines>
                <line number="50" hits="52" branch="True" condition-coverage="100% (2/2)">
                  <conditions>
                    <condition number="1" type="jump" coverage="100%" />
                  </conditions>
                </line>
                <line number="51" hits="50" branch="False" />
              </lines>
            </method>
          </methods>
          <lines>
            <line number="50" hits="52" branch="True" condition-coverage="100% (2/2)">
              <conditions>
                <condition number="1" type="jump" coverage="100%" />
              </conditions>
            </line>
            <line number="51" hits="50" branch="False" />
          </lines>
        </class>
        <class name="Cube.Disposable/DisposableCore" filename="Libraries\Core\Sources\Disposable.cs" line-rate="1" branch-rate="1" complexity="2">
          <methods>
            <method name="Dispose" signature="()" line-rate="1" branch-rate="1" complexity="1">
              <lines>
                <line number="71" hits="50" branch="False" />
              </lines>
            </method>
            <method name=".ctor" signature="(System.Action)" line-rate="1" branch-rate="1" complexity="1">
              <lines>
                <line number="70" hits="100" branch="False" />
              </lines>
            </method>
          </methods>
          <lines>
            <line number="71" hits="50" branch="False" />
            <line number="70" hits="100" branch="False" />
          </lines>
        </class>
        <class name="Cube.DisposableBase" filename="Libraries\Core\Sources\DisposableBase.cs" line-rate="1" branch-rate="1" complexity="5">
          <methods>
            <method name="get_Disposed" signature="()" line-rate="1" branch-rate="1" complexity="1">
              <lines>
                <line number="59" hits="23" branch="False" />
              </lines>
            </method>
            <method name="Finalize" signature="()" line-rate="1" branch-rate="1" complexity="2">
              <lines>
                <line number="74" hits="47" branch="True" condition-coverage="100% (2/2)">
                  <conditions>
                    <condition number="7" type="jump" coverage="100%" />
                  </conditions>
                </line>
              </lines>
            </method>
            <method name="Dispose" signature="()" line-rate="1" branch-rate="1" complexity="1">
              <lines>
                <line number="87" hits="69" branch="False" />
                <line number="88" hits="69" branch="False" />
                <line number="89" hits="69" branch="False" />
              </lines>
            </method>
            <method name=".ctor" signature="()" line-rate="1" branch-rate="1" complexity="1">
              <lines>
                <line number="44" hits="242" branch="False" />
              </lines>
            </method>
          </methods>
          <lines>
            <line number="59" hits="23" branch="False" />
            <line number="74" hits="47" branch="True" condition-coverage="100% (2/2)">
              <conditions>
                <condition number="7" type="jump" coverage="100%" />
              </conditions>
            </line>
            <line number="87" hits="69" branch="False" />
            <line number="88" hits="69" branch="False" />
            <line number="89" hits="69" branch="False" />
            <line number="44" hits="242" branch="False" />
          </lines>
        </class>
        <class name="Cube.DisposableContainer" filename="Libraries\Core\Sources\DisposableContainer.cs" line-rate="0.9285" branch-rate="1" complexity="11">
          <methods>
            <method name="Contains" signature="(System.IDisposable)" line-rate="1" branch-rate="1" complexity="1">
              <lines>
                <line number="95" hits="7" branch="False" />
              </lines>
            </method>
            <method name="Add" signature="(System.IDisposable)" line-rate="1" branch-rate="1" complexity="2">
              <lines>
                <line number="115" hits="24" branch="True" condition-coverage="100% (2/2)">
                  <conditions>
                    <condition number="6" type="jump" coverage="100%" />
                  </conditions>
                </line>
                <line number="116" hits="20" branch="False" />
                <line number="117" hits="20" branch="False" />
              </lines>
            </method>
            <method name="Add" signature="(System.IDisposable,System.IDisposable[])" line-rate="1" branch-rate="1" complexity="2">
              <lines>
                <line number="138" hits="1" branch="False" />
                <line number="139" hits="8" branch="True" condition-coverage="100% (2/2)">
                  <conditions>
                    <condition number="32" type="jump" coverage="100%" />
                  </conditions>
                </line>
                <line number="140" hits="1" branch="False" />
              </lines>
            </method>
            <method name="Add" signature="(System.Action)" line-rate="1" branch-rate="1" complexity="1">
              <lines>
                <line number="155" hits="3" branch="False" />
              </lines>
            </method>
            <method name="Dispose" signature="(System.Boolean)" line-rate="1" branch-rate="1" complexity="2">
              <lines>
                <line number="174" hits="54" branch="True" condition-coverage="100% (2/2)">
                  <conditions>
                    <condition number="13" type="jump" coverage="100%" />
                  </conditions>
                </line>
                <line number="175" hits="16" branch="False" />
              </lines>
            </method>
            <method name=".ctor" signature="()" line-rate="1" branch-rate="1" complexity="1">
              <lines>
                <line number="47" hits="32" branch="False" />
                <line number="180" hits="17" branch="False" />
              </lines>
            </method>
            <method name=".ctor" signature="(System.IDisposable)" line-rate="0" branch-rate="1" complexity="1">
              <lines>
                <line number="61" hits="0" branch="False" />
              </lines>
            </method>
            <method name=".ctor" signature="(System.IDisposable,System.IDisposable[])" line-rate="1" branch-rate="1" complexity="1">
              <lines>
                <line number="76" hits="2" branch="False" />
              </lines>
            </method>
          </methods>
          <lines>
            <line number="95" hits="7" branch="False" />
            <line number="115" hits="24" branch="True" condition-coverage="100% (2/2)">
              <conditions>
                <condition number="6" type="jump" coverage="100%" />
              </conditions>
            </line>
            <line number="116" hits="20" branch="False" />
            <line number="117" hits="20" branch="False" />
            <line number="138" hits="1" branch="False" />
            <line number="139" hits="8" branch="True" condition-coverage="100% (2/2)">
              <conditions>
                <condition number="32" type="jump" coverage="100%" />
              </conditions>
            </line>
            <line number="140" hits="1" branch="False" />
            <line number="155" hits="3" branch="False" />
            <line number="174" hits="54" branch="True" condition-coverage="100% (2/2)">
              <conditions>
                <condition number="13" type="jump" coverage="100%" />
              </conditions>
            </line>
            <line number="175" hits="16" branch="False" />
            <line number="47" hits="32" branch="False" />
            <line number="180" hits="17" branch="False" />
            <line number="61" hits="0" branch="False" />
            <line number="76" hits="2" branch="False" />
          </lines>
        </class>
        <class name="Cube.DisposableExtension" filename="Libraries\Core\Sources\DisposableExtension.cs" line-rate="1" branch-rate="1" complexity="1">
          <methods>
            <method name="Hook" signature="(Cube.DisposableContainer,T)" line-rate="1" branch-rate="1" complexity="1">
              <lines>
                <line number="52" hits="1" branch="False" />
                <line number="53" hits="1" branch="False" />
              </lines>
            </method>
          </methods>
          <lines>
            <line number="52" hits="1" branch="False" />
            <line number="53" hits="1" branch="False" />
          </lines>
        </class>
        <class name="Cube.DisposableProxy" filename="Libraries\Core\Sources\DisposableProxy.cs" line-rate="1" branch-rate="1" complexity="5">
          <methods>
            <method name="Dispose" signature="(System.Boolean)" line-rate="1" branch-rate="1" complexity="2">
              <lines>
                <line number="88" hits="3" branch="True" condition-coverage="100% (2/2)">
                  <conditions>
                    <condition number="1" type="jump" coverage="100%" />
                  </conditions>
                </line>
                <line number="89" hits="2" branch="False" />
              </lines>
            </method>
            <method name=".ctor" signature="(System.Func`1&lt;System.IDisposable&gt;)" line-rate="1" branch-rate="1" complexity="1">
              <lines>
                <line number="50" hits="3" branch="False" />
              </lines>
            </method>
            <method name=".ctor" signature="(System.IDisposable)" line-rate="1" branch-rate="1" complexity="2">
              <lines>
                <line number="64" hits="2" branch="False" />
                <line number="65" hits="2" branch="True" condition-coverage="100% (2/2)">
                  <conditions>
                    <condition number="9" type="jump" coverage="100%" />
                  </conditions>
                </line>
              </lines>
            </method>
          </methods>
          <lines>
            <line number="88" hits="3" branch="True" condition-coverage="100% (2/2)">
              <conditions>
                <condition number="1" type="jump" coverage="100%" />
              </conditions>
            </line>
            <line number="89" hits="2" branch="False" />
            <line number="50" hits="3" branch="False" />
            <line number="64" hits="2" branch="False" />
            <line number="65" hits="2" branch="True" condition-coverage="100% (2/2)">
              <conditions>
                <condition number="9" type="jump" coverage="100%" />
              </conditions>
            </line>
          </lines>
        </class>
        <class name="Cube.CollectionEventArgs" filename="Libraries\Core\Sources\Events\CollectionEventArgs.cs" line-rate="1" branch-rate="1" complexity="2">
          <methods>
            <method name="Create" signature="(System.Collections.Generic.IEnumerable`1&lt;T&gt;)" line-rate="1" branch-rate="1" complexity="1">
              <lines>
                <line number="51" hits="1" branch="False" />
              </lines>
            </method>
            <method name="Create" signature="(System.Collections.Generic.IEnumerable`1&lt;T&gt;,System.Boolean)" line-rate="1" branch-rate="1" complexity="1">
              <lines>
                <line number="69" hits="2" branch="False" />
              </lines>
            </method>
          </methods>
          <lines>
            <line number="51" hits="1" branch="False" />
            <line number="69" hits="2" branch="False" />
          </lines>
        </class>
        <class name="Cube.CollectionEventArgs`1" filename="Libraries\Core\Sources\Events\CollectionEventArgs.cs" line-rate="1" branch-rate="1" complexity="1">
          <methods>
            <method name=".ctor" signature="(System.Collections.Generic.IEnumerable`1&lt;T&gt;)" line-rate="1" branch-rate="1" complexity="1">
              <lines>
                <line number="89" hits="1" branch="False" />
              </lines>
            </method>
          </methods>
          <lines>
            <line number="89" hits="1" branch="False" />
          </lines>
        </class>
        <class name="Cube.CollectionCancelEventArgs`1" filename="Libraries\Core\Sources\Events\CollectionEventArgs.cs" line-rate="1" branch-rate="1" complexity="2">
          <methods>
            <method name=".ctor" signature="(System.Collections.Generic.IEnumerable`1&lt;T&gt;)" line-rate="1" branch-rate="1" complexity="1">
              <lines>
                <line number="122" hits="2" branch="False" />
              </lines>
            </method>
            <method name=".ctor" signature="(System.Collections.Generic.IEnumerable`1&lt;T&gt;,System.Boolean)" line-rate="1" branch-rate="1" complexity="1">
              <lines>
                <line number="139" hits="6" branch="False" />
              </lines>
            </method>
          </methods>
          <lines>
            <line number="122" hits="2" branch="False" />
            <line number="139" hits="6" branch="False" />
          </lines>
        </class>
        <class name="Cube.EventBehavior" filename="Libraries\Core\Sources\Events\EventBehavior.cs" line-rate="1" branch-rate="0.875" complexity="9">
          <methods>
            <method name="Dispose" signature="(System.Boolean)" line-rate="1" branch-rate="1" complexity="2">
              <lines>
                <line number="102" hits="4" branch="True" condition-coverage="100% (2/2)">
                  <conditions>
                    <condition number="1" type="jump" coverage="100%" />
                  </conditions>
                </line>
                <line number="103" hits="3" branch="False" />
              </lines>
            </method>
            <method name=".ctor" signature="(System.Object,System.String,System.Action)" line-rate="1" branch-rate="1" complexity="1">
              <lines>
                <line number="54" hits="6" branch="False" />
              </lines>
            </method>
            <method name=".ctor" signature="(System.Object,System.String,System.Delegate)" line-rate="1" branch-rate="0.8332999999999999" complexity="6">
              <lines>
                <line number="72" hits="3" branch="False" />
                <line number="74" hits="3" branch="True" condition-coverage="100% (2/2)">
                  <conditions>
                    <condition number="9" type="jump" coverage="100%" />
                  </conditions>
                </line>
                <line number="75" hits="2" branch="True" condition-coverage="100% (2/2)">
                  <conditions>
                    <condition number="42" type="jump" coverage="100%" />
                  </conditions>
                </line>
                <line number="76" hits="1" branch="True" condition-coverage="50% (1/2)">
                  <conditions>
                    <condition number="60" type="jump" coverage="50%" />
                  </conditions>
                </line>
                <line number="78" hits="1" branch="False" />
                <line number="79" hits="1" branch="False" />
              </lines>
            </method>
          </methods>
          <lines>
            <line number="102" hits="4" branch="True" condition-coverage="100% (2/2)">
              <conditions>
                <condition number="1" type="jump" coverage="100%" />
              </conditions>
            </line>
            <line number="103" hits="3" branch="False" />
            <line number="54" hits="6" branch="False" />
            <line number="72" hits="3" branch="False" />
            <line number="74" hits="3" branch="True" condition-coverage="100% (2/2)">
              <conditions>
                <condition number="9" type="jump" coverage="100%" />
              </conditions>
            </line>
            <line number="75" hits="2" branch="True" condition-coverage="100% (2/2)">
              <conditions>
                <condition number="42" type="jump" coverage="100%" />
              </conditions>
            </line>
            <line number="76" hits="1" branch="True" condition-coverage="50% (1/2)">
              <conditions>
                <condition number="60" type="jump" coverage="50%" />
              </conditions>
            </line>
            <line number="78" hits="1" branch="False" />
            <line number="79" hits="1" branch="False" />
          </lines>
        </class>
        <class name="Cube.KeyValueEventArgs" filename="Libraries\Core\Sources\Events\KeyValueEventArgs.cs" line-rate="1" branch-rate="1" complexity="2">
          <methods>
            <method name="Create" signature="(TKey,TValue)" line-rate="1" branch-rate="1" complexity="1">
              <lines>
                <line number="52" hits="3" branch="False" />
              </lines>
            </method>
            <method name="Create" signature="(TKey,TValue,System.Boolean)" line-rate="1" branch-rate="1" complexity="1">
              <lines>
                <line number="71" hits="3" branch="False" />
              </lines>
            </method>
          </methods>
          <lines>
            <line number="52" hits="3" branch="False" />
            <line number="71" hits="3" branch="False" />
          </lines>
        </class>
        <class name="Cube.KeyValueEventArgs`2" filename="Libraries\Core\Sources\Events\KeyValueEventArgs.cs" line-rate="1" branch-rate="1" complexity="2">
          <methods>
            <method name="get_Key" signature="()" line-rate="1" branch-rate="1" complexity="1">
              <lines>
                <line number="105" hits="6" branch="False" />
              </lines>
            </method>
            <method name=".ctor" signature="(TKey,TValue)" line-rate="1" branch-rate="1" complexity="1">
              <lines>
                <line number="92" hits="3" branch="False" />
              </lines>
            </method>
          </methods>
          <lines>
            <line number="105" hits="6" branch="False" />
            <line number="92" hits="3" branch="False" />
          </lines>
        </class>
        <class name="Cube.KeyValueCancelEventArgs`2" filename="Libraries\Core\Sources\Events\KeyValueEventArgs.cs" line-rate="1" branch-rate="1" complexity="3">
          <methods>
            <method name="get_Key" signature="()" line-rate="1" branch-rate="1" complexity="1">
              <lines>
                <line number="174" hits="3" branch="False" />
              </lines>
            </method>
            <method name=".ctor" signature="(TKey,TValue)" line-rate="1" branch-rate="1" complexity="1">
              <lines>
                <line number="141" hits="2" branch="False" />
              </lines>
            </method>
            <method name=".ctor" signature="(TKey,TValue,System.Boolean)" line-rate="1" branch-rate="1" complexity="1">
              <lines>
                <line number="159" hits="8" branch="False" />
              </lines>
            </method>
          </methods>
          <lines>
            <line number="174" hits="3" branch="False" />
            <line number="141" hits="2" branch="False" />
            <line number="159" hits="8" branch="False" />
          </lines>
        </class>
        <class name="Cube.ValueEventArgs" filename="Libraries\Core\Sources\Events\ValueEventArgs.cs" line-rate="1" branch-rate="1" complexity="3">
          <methods>
            <method name="Create" signature="(T)" line-rate="1" branch-rate="1" complexity="1">
              <lines>
                <line number="51" hits="3" branch="False" />
              </lines>
            </method>
            <method name="Create" signature="(T,System.Boolean)" line-rate="1" branch-rate="1" complexity="1">
              <lines>
                <line number="68" hits="4" branch="False" />
              </lines>
            </method>
            <method name="Create" signature="(T,T)" line-rate="1" branch-rate="1" complexity="1">
              <lines>
                <line number="88" hits="4" branch="False" />
              </lines>
            </method>
          </methods>
          <lines>
            <line number="51" hits="3" branch="False" />
            <line number="68" hits="4" branch="False" />
            <line number="88" hits="4" branch="False" />
          </lines>
        </class>
        <class name="Cube.ValueEventArgs`1" filename="Libraries\Core\Sources\Events\ValueEventArgs.cs" line-rate="1" branch-rate="1" complexity="2">
          <methods>
            <method name="get_Value" signature="()" line-rate="1" branch-rate="1" complexity="1">
              <lines>
                <line number="121" hits="14" branch="False" />
              </lines>
            </method>
            <method name=".ctor" signature="(T)" line-rate="1" branch-rate="1" complexity="1">
              <lines>
                <line number="108" hits="7" branch="False" />
              </lines>
            </method>
          </methods>
          <lines>
            <line number="121" hits="14" branch="False" />
            <line number="108" hits="7" branch="False" />
          </lines>
        </class>
        <class name="Cube.ValueCancelEventArgs`1" filename="Libraries\Core\Sources\Events\ValueEventArgs.cs" line-rate="1" branch-rate="1" complexity="3">
          <methods>
            <method name="get_Value" signature="()" line-rate="1" branch-rate="1" complexity="1">
              <lines>
                <line number="188" hits="10" branch="False" />
              </lines>
            </method>
            <method name=".ctor" signature="(T)" line-rate="1" branch-rate="1" complexity="1">
              <lines>
                <line number="156" hits="2" branch="False" />
              </lines>
            </method>
            <method name=".ctor" signature="(T,System.Boolean)" line-rate="1" branch-rate="1" complexity="1">
              <lines>
                <line number="173" hits="24" branch="False" />
              </lines>
            </method>
          </methods>
          <lines>
            <line number="188" hits="10" branch="False" />
            <line number="156" hits="2" branch="False" />
            <line number="173" hits="24" branch="False" />
          </lines>
        </class>
        <class name="Cube.ValueChangedEventArgs`1" filename="Libraries\Core\Sources\Events\ValueEventArgs.cs" line-rate="1" branch-rate="1" complexity="3">
          <methods>
            <method name="get_OldValue" signature="()" line-rate="1" branch-rate="1" complexity="1">
              <lines>
                <line number="223" hits="8" branch="False" />
              </lines>
            </method>
            <method name="get_NewValue" signature="()" line-rate="1" branch-rate="1" complexity="1">
              <lines>
                <line number="234" hits="8" branch="False" />
              </lines>
            </method>
            <method name=".ctor" signature="(T,T)" line-rate="1" branch-rate="1" complexity="1">
              <lines>
                <line number="210" hits="4" branch="False" />
              </lines>
            </method>
          </methods>
          <lines>
            <line number="223" hits="8" branch="False" />
            <line number="234" hits="8" branch="False" />
            <line number="210" hits="4" branch="False" />
          </lines>
        </class>
        <class name="Cube.Utm" filename="Libraries\Core\Sources\Extensions\Utm.cs" line-rate="1" branch-rate="1" complexity="5">
          <methods>
            <method name="get_Source" signature="()" line-rate="1" branch-rate="1" complexity="1">
              <lines>
                <line number="44" hits="3" branch="False" />
              </lines>
            </method>
            <method name="get_Medium" signature="()" line-rate="1" branch-rate="1" complexity="1">
              <lines>
                <line number="55" hits="3" branch="False" />
              </lines>
            </method>
            <method name="get_Campaign" signature="()" line-rate="1" branch-rate="1" complexity="1">
              <lines>
                <line number="67" hits="3" branch="False" />
              </lines>
            </method>
            <method name="get_Term" signature="()" line-rate="1" branch-rate="1" complexity="1">
              <lines>
                <line number="78" hits="3" branch="False" />
              </lines>
            </method>
            <method name="get_Content" signature="()" line-rate="1" branch-rate="1" complexity="1">
              <lines>
                <line number="90" hits="3" branch="False" />
              </lines>
            </method>
          </methods>
          <lines>
            <line number="44" hits="3" branch="False" />
            <line number="55" hits="3" branch="False" />
            <line number="67" hits="3" branch="False" />
            <line number="78" hits="3" branch="False" />
            <line number="90" hits="3" branch="False" />
          </lines>
        </class>
        <class name="Cube.StreamProxy" filename="Libraries\Core\Sources\FileSystem\StreamProxy.cs" line-rate="1" branch-rate="0.95" complexity="27">
          <methods>
            <method name="get_CanRead" signature="()" line-rate="1" branch-rate="1" complexity="2">
              <lines>
                <line number="86" hits="2" branch="True" condition-coverage="100% (2/2)">
                  <conditions>
                    <condition number="7" type="jump" coverage="100%" />
                  </conditions>
                </line>
              </lines>
            </method>
            <method name="get_CanSeek" signature="()" line-rate="1" branch-rate="1" complexity="2">
              <lines>
                <line number="98" hits="2" branch="True" condition-coverage="100% (2/2)">
                  <conditions>
                    <condition number="7" type="jump" coverage="100%" />
                  </conditions>
                </line>
              </lines>
            </method>
            <method name="get_CanWrite" signature="()" line-rate="1" branch-rate="1" complexity="2">
              <lines>
                <line number="110" hits="2" branch="True" condition-coverage="100% (2/2)">
                  <conditions>
                    <condition number="7" type="jump" coverage="100%" />
                  </conditions>
                </line>
              </lines>
            </method>
            <method name="get_Length" signature="()" line-rate="1" branch-rate="1" complexity="2">
              <lines>
                <line number="121" hits="2" branch="True" condition-coverage="100% (2/2)">
                  <conditions>
                    <condition number="7" type="jump" coverage="100%" />
                  </conditions>
                </line>
              </lines>
            </method>
            <method name="get_Position" signature="()" line-rate="1" branch-rate="1" complexity="2">
              <lines>
                <line number="134" hits="3" branch="True" condition-coverage="100% (2/2)">
                  <conditions>
                    <condition number="7" type="jump" coverage="100%" />
                  </conditions>
                </line>
              </lines>
            </method>
            <method name="set_Position" signature="(System.Int64)" line-rate="1" branch-rate="1" complexity="1">
              <lines>
                <line number="135" hits="1" branch="False" />
              </lines>
            </method>
            <method name="Flush" signature="()" line-rate="1" branch-rate="1" complexity="1">
              <lines>
                <line number="152" hits="1" branch="False" />
              </lines>
            </method>
            <method name="Seek" signature="(System.Int64,System.IO.SeekOrigin)" line-rate="1" branch-rate="1" complexity="1">
              <lines>
                <line number="163" hits="1" branch="False" />
              </lines>
            </method>
            <method name="SetLength" signature="(System.Int64)" line-rate="1" branch-rate="1" complexity="1">
              <lines>
                <line number="174" hits="1" branch="False" />
              </lines>
            </method>
            <method name="Read" signature="(System.Byte[],System.Int32,System.Int32)" line-rate="1" branch-rate="1" complexity="1">
              <lines>
                <line number="187" hits="2" branch="False" />
              </lines>
            </method>
            <method name="Write" signature="(System.Byte[],System.Int32,System.Int32)" line-rate="1" branch-rate="1" complexity="1">
              <lines>
                <line number="201" hits="2" branch="False" />
              </lines>
            </method>
            <method name="Dispose" signature="(System.Boolean)" line-rate="1" branch-rate="0.875" complexity="8">
              <lines>
                <line number="222" hits="6" branch="True" condition-coverage="100% (2/2)">
                  <conditions>
                    <condition number="6" type="jump" coverage="100%" />
                  </conditions>
                </line>
                <line number="223" hits="4" branch="False" />
                <line number="225" hits="4" branch="True" condition-coverage="100% (2/2)">
                  <conditions>
                    <condition number="18" type="jump" coverage="100%" />
                  </conditions>
                </line>
                <line number="227" hits="7" branch="True" condition-coverage="75% (3/4)">
                  <conditions>
                    <condition number="26" type="jump" coverage="100%" />
                    <condition number="35" type="jump" coverage="50%" />
                  </conditions>
                </line>
                <line number="228" hits="4" branch="False" />
                <line number="230" hits="4" branch="False" />
                <line number="231" hits="10" branch="False" />
                <line number="232" hits="5" branch="False" />
              </lines>
            </method>
            <method name=".ctor" signature="(System.IO.Stream)" line-rate="1" branch-rate="1" complexity="1">
              <lines>
                <line number="48" hits="7" branch="False" />
              </lines>
            </method>
            <method name=".ctor" signature="(System.IO.Stream,System.Boolean)" line-rate="1" branch-rate="1" complexity="2">
              <lines>
                <line number="66" hits="5" branch="False" />
                <line number="68" hits="5" branch="False" />
                <line number="69" hits="5" branch="True" condition-coverage="100% (2/2)">
                  <conditions>
                    <condition number="16" type="jump" coverage="100%" />
                  </conditions>
                </line>
                <line number="70" hits="4" branch="False" />
              </lines>
            </method>
          </methods>
          <lines>
            <line number="86" hits="2" branch="True" condition-coverage="100% (2/2)">
              <conditions>
                <condition number="7" type="jump" coverage="100%" />
              </conditions>
            </line>
            <line number="98" hits="2" branch="True" condition-coverage="100% (2/2)">
              <conditions>
                <condition number="7" type="jump" coverage="100%" />
              </conditions>
            </line>
            <line number="110" hits="2" branch="True" condition-coverage="100% (2/2)">
              <conditions>
                <condition number="7" type="jump" coverage="100%" />
              </conditions>
            </line>
            <line number="121" hits="2" branch="True" condition-coverage="100% (2/2)">
              <conditions>
                <condition number="7" type="jump" coverage="100%" />
              </conditions>
            </line>
            <line number="134" hits="3" branch="True" condition-coverage="100% (2/2)">
              <conditions>
                <condition number="7" type="jump" coverage="100%" />
              </conditions>
            </line>
            <line number="135" hits="1" branch="False" />
            <line number="152" hits="1" branch="False" />
            <line number="163" hits="1" branch="False" />
            <line number="174" hits="1" branch="False" />
            <line number="187" hits="2" branch="False" />
            <line number="201" hits="2" branch="False" />
            <line number="222" hits="6" branch="True" condition-coverage="100% (2/2)">
              <conditions>
                <condition number="6" type="jump" coverage="100%" />
              </conditions>
            </line>
            <line number="223" hits="4" branch="False" />
            <line number="225" hits="4" branch="True" condition-coverage="100% (2/2)">
              <conditions>
                <condition number="18" type="jump" coverage="100%" />
              </conditions>
            </line>
            <line number="227" hits="7" branch="True" condition-coverage="75% (3/4)">
              <conditions>
                <condition number="26" type="jump" coverage="100%" />
                <condition number="35" type="jump" coverage="50%" />
              </conditions>
            </line>
            <line number="228" hits="4" branch="False" />
            <line number="230" hits="4" branch="False" />
            <line number="231" hits="10" branch="False" />
            <line number="232" hits="5" branch="False" />
            <line number="48" hits="7" branch="False" />
            <line number="66" hits="5" branch="False" />
            <line number="68" hits="5" branch="False" />
            <line number="69" hits="5" branch="True" condition-coverage="100% (2/2)">
              <conditions>
                <condition number="16" type="jump" coverage="100%" />
              </conditions>
            </line>
            <line number="70" hits="4" branch="False" />
          </lines>
        </class>
        <class name="Cube.HashCode" filename="Libraries\Core\Sources\HashCode.cs" line-rate="1" branch-rate="1" complexity="1">
          <methods>
            <method name="Create" signature="(System.Int32[])" line-rate="1" branch-rate="1" complexity="1">
              <lines>
                <line number="55" hits="28" branch="False" />
                <line number="56" hits="28" branch="False" />
                <line number="57" hits="140" branch="False" />
                <line number="58" hits="140" branch="False" />
                <line number="59" hits="28" branch="False" />
              </lines>
            </method>
          </methods>
          <lines>
            <line number="55" hits="28" branch="False" />
            <line number="56" hits="28" branch="False" />
            <line number="57" hits="140" branch="False" />
            <line number="58" hits="140" branch="False" />
            <line number="59" hits="28" branch="False" />
          </lines>
        </class>
        <class name="Cube.Logger" filename="Libraries\Core\Sources\Logger.cs" line-rate="0.7179000000000001" branch-rate="0.5" complexity="24">
          <methods>
            <method name="Configure" signature="(Cube.ILoggerSource)" line-rate="1" branch-rate="1" complexity="1">
              <lines>
                <line number="51" hits="1" branch="False" />
              </lines>
            </method>
            <method name="Trace" signature="(System.String,System.String,System.Int32)" line-rate="1" branch-rate="1" complexity="1">
              <lines>
                <line number="71" hits="1" branch="False" />
              </lines>
            </method>
            <method name="Debug" signature="(System.String,System.String,System.Int32)" line-rate="1" branch-rate="1" complexity="1">
              <lines>
                <line number="87" hits="14" branch="False" />
              </lines>
            </method>
            <method name="Info" signature="(System.String,System.String,System.Int32)" line-rate="1" branch-rate="1" complexity="1">
              <lines>
                <line number="107" hits="9" branch="False" />
              </lines>
            </method>
            <method name="Info" signature="(System.Reflection.Assembly,System.String,System.Int32)" line-rate="1" branch-rate="0.5" complexity="2">
              <lines>
                <line number="124" hits="2" branch="True" condition-coverage="50% (1/2)">
                  <conditions>
                    <condition number="5" type="jump" coverage="50%" />
                  </conditions>
                </line>
                <line number="125" hits="2" branch="False" />
                <line number="126" hits="2" branch="False" />
                <line number="127" hits="2" branch="False" />
                <line number="128" hits="2" branch="False" />
                <line number="129" hits="2" branch="False" />
              </lines>
            </method>
            <method name="Warn" signature="(System.String,System.String,System.Int32)" line-rate="1" branch-rate="1" complexity="1">
              <lines>
                <line number="149" hits="8" branch="False" />
              </lines>
            </method>
            <method name="Warn" signature="(System.Exception,System.String,System.Int32)" line-rate="1" branch-rate="1" complexity="1">
              <lines>
                <line number="165" hits="7" branch="False" />
              </lines>
            </method>
            <method name="Error" signature="(System.String,System.String,System.Int32)" line-rate="1" branch-rate="1" complexity="1">
              <lines>
                <line number="185" hits="2" branch="False" />
              </lines>
            </method>
            <method name="Error" signature="(System.Exception,System.String,System.Int32)" line-rate="1" branch-rate="1" complexity="1">
              <lines>
                <line number="201" hits="1" branch="False" />
              </lines>
            </method>
            <method name="Try" signature="(System.Action,System.UInt32,System.String,System.Int32)" line-rate="0.6666" branch-rate="1" complexity="2">
              <lines>
                <line number="230" hits="8" branch="True" condition-coverage="100% (2/2)">
                  <conditions>
                    <condition number="34" type="jump" coverage="100%" />
                  </conditions>
                </line>
                <line number="234" hits="3" branch="False" />
                <line number="235" hits="0" branch="False" />
                <line number="237" hits="6" branch="False" />
                <line number="239" hits="1" branch="False" />
                <line number="240" hits="0" branch="False" />
              </lines>
            </method>
            <method name="TryGet" signature="(System.Func`1&lt;T&gt;,T&amp;,System.UInt32,System.String,System.Int32)" line-rate="0" branch-rate="0" complexity="2">
              <lines>
                <line number="269" hits="0" branch="True" condition-coverage="0% (0/2)">
                  <conditions>
                    <condition number="41" type="jump" coverage="0%" />
                  </conditions>
                </line>
                <line number="273" hits="0" branch="False" />
                <line number="274" hits="0" branch="False" />
                <line number="276" hits="0" branch="False" />
                <line number="279" hits="0" branch="False" />
                <line number="280" hits="0" branch="False" />
                <line number="281" hits="0" branch="False" />
              </lines>
            </method>
            <method name="Warn" signature="(System.Action,System.String,System.Int32)" line-rate="0" branch-rate="1" complexity="1">
              <lines>
                <line number="298" hits="0" branch="False" />
              </lines>
            </method>
            <method name="Error" signature="(System.Action,System.String,System.Int32)" line-rate="0" branch-rate="1" complexity="1">
              <lines>
                <line number="315" hits="0" branch="False" />
              </lines>
            </method>
            <method name="ObserveTaskException" signature="()" line-rate="1" branch-rate="0.5" complexity="4">
              <lines>
                <line number="333" hits="1" branch="True" condition-coverage="100% (2/2)">
                  <conditions>
                    <condition number="6" type="jump" coverage="100%" />
                  </conditions>
                </line>
                <line number="334" hits="1" branch="False" />
                <line number="335" hits="1" branch="True" condition-coverage="0% (0/2)">
                  <conditions>
                    <condition number="6" type="jump" coverage="0%" />
                  </conditions>
                </line>
                <line number="336" hits="1" branch="False" />
              </lines>
            </method>
            <method name="GetErrorMessage" signature="(System.Exception)" line-rate="1" branch-rate="0.5" complexity="2">
              <lines>
                <line number="352" hits="8" branch="True" condition-coverage="50% (1/2)">
                  <conditions>
                    <condition number="8" type="jump" coverage="50%" />
                  </conditions>
                </line>
                <line number="353" hits="8" branch="False" />
                <line number="354" hits="8" branch="False" />
              </lines>
            </method>
            <method name="&lt;ObserveTaskException&gt;g__f|13_0" signature="(System.Object,System.Threading.Tasks.UnobservedTaskExceptionEventArgs)" line-rate="1" branch-rate="1" complexity="1">
              <lines>
                <line number="332" hits="1" branch="False" />
              </lines>
            </method>
            <method name=".cctor" signature="()" line-rate="1" branch-rate="1" complexity="1">
              <lines>
                <line number="359" hits="1" branch="False" />
                <line number="360" hits="1" branch="False" />
              </lines>
            </method>
          </methods>
          <lines>
            <line number="51" hits="1" branch="False" />
            <line number="71" hits="1" branch="False" />
            <line number="87" hits="14" branch="False" />
            <line number="107" hits="9" branch="False" />
            <line number="124" hits="2" branch="True" condition-coverage="50% (1/2)">
              <conditions>
                <condition number="5" type="jump" coverage="50%" />
              </conditions>
            </line>
            <line number="125" hits="2" branch="False" />
            <line number="126" hits="2" branch="False" />
            <line number="127" hits="2" branch="False" />
            <line number="128" hits="2" branch="False" />
            <line number="129" hits="2" branch="False" />
            <line number="149" hits="8" branch="False" />
            <line number="165" hits="7" branch="False" />
            <line number="185" hits="2" branch="False" />
            <line number="201" hits="1" branch="False" />
            <line number="230" hits="8" branch="True" condition-coverage="100% (2/2)">
              <conditions>
                <condition number="34" type="jump" coverage="100%" />
              </conditions>
            </line>
            <line number="234" hits="3" branch="False" />
            <line number="235" hits="0" branch="False" />
            <line number="237" hits="6" branch="False" />
            <line number="239" hits="1" branch="False" />
            <line number="240" hits="0" branch="False" />
            <line number="269" hits="0" branch="True" condition-coverage="0% (0/2)">
              <conditions>
                <condition number="41" type="jump" coverage="0%" />
              </conditions>
            </line>
            <line number="273" hits="0" branch="False" />
            <line number="274" hits="0" branch="False" />
            <line number="276" hits="0" branch="False" />
            <line number="279" hits="0" branch="False" />
            <line number="280" hits="0" branch="False" />
            <line number="281" hits="0" branch="False" />
            <line number="298" hits="0" branch="False" />
            <line number="315" hits="0" branch="False" />
            <line number="333" hits="1" branch="True" condition-coverage="100% (2/2)">
              <conditions>
                <condition number="6" type="jump" coverage="100%" />
              </conditions>
            </line>
            <line number="334" hits="1" branch="False" />
            <line number="335" hits="1" branch="True" condition-coverage="0% (0/2)">
              <conditions>
                <condition number="6" type="jump" coverage="0%" />
              </conditions>
            </line>
            <line number="336" hits="1" branch="False" />
            <line number="352" hits="8" branch="True" condition-coverage="50% (1/2)">
              <conditions>
                <condition number="8" type="jump" coverage="50%" />
              </conditions>
            </line>
            <line number="353" hits="8" branch="False" />
            <line number="354" hits="8" branch="False" />
            <line number="332" hits="1" branch="False" />
            <line number="359" hits="1" branch="False" />
            <line number="360" hits="1" branch="False" />
          </lines>
        </class>
        <class name="Cube.NullLoggerSource" filename="Libraries\Core\Sources\LoggerSource.cs" line-rate="0" branch-rate="1" complexity="1">
          <methods>
            <method name="Log" signature="(System.String,System.Int32,Cube.LogLevel,System.String)" line-rate="0" branch-rate="1" complexity="1">
              <lines>
                <line number="79" hits="0" branch="False" />
              </lines>
            </method>
          </methods>
          <lines>
            <line number="79" hits="0" branch="False" />
          </lines>
        </class>
        <class name="Cube.ActivateMessage" filename="Libraries\Core\Sources\Messages\ActivateMessage.cs" line-rate="1" branch-rate="1" complexity="1">
          <methods>
            <method name=".ctor" signature="()" line-rate="1" branch-rate="1" complexity="1">
              <lines>
                <line number="29" hits="1" branch="False" />
              </lines>
            </method>
          </methods>
          <lines>
            <line number="29" hits="1" branch="False" />
          </lines>
        </class>
        <class name="Cube.ApplyMessage" filename="Libraries\Core\Sources\Messages\ApplyMessage.cs" line-rate="1" branch-rate="1" complexity="1">
          <methods>
            <method name=".ctor" signature="()" line-rate="1" branch-rate="1" complexity="1">
              <lines>
                <line number="30" hits="1" branch="False" />
              </lines>
            </method>
          </methods>
          <lines>
            <line number="30" hits="1" branch="False" />
          </lines>
        </class>
        <class name="Cube.CancelMessage`1" filename="Libraries\Core\Sources\Messages\CancelMessage.cs" line-rate="1" branch-rate="1" complexity="3">
          <methods>
            <method name="get_Cancel" signature="()" line-rate="1" branch-rate="1" complexity="1">
              <lines>
                <line number="71" hits="46" branch="False" />
              </lines>
            </method>
            <method name=".ctor" signature="()" line-rate="1" branch-rate="1" complexity="1">
              <lines>
                <line number="42" hits="2" branch="False" />
              </lines>
            </method>
            <method name=".ctor" signature="(System.String)" line-rate="1" branch-rate="1" complexity="1">
              <lines>
                <line number="56" hits="74" branch="False" />
              </lines>
            </method>
          </methods>
          <lines>
            <line number="71" hits="46" branch="False" />
            <line number="42" hits="2" branch="False" />
            <line number="56" hits="74" branch="False" />
          </lines>
        </class>
        <class name="Cube.CloseMessage" filename="Libraries\Core\Sources\Messages\CloseMessage.cs" line-rate="1" branch-rate="1" complexity="1">
          <methods>
            <method name=".ctor" signature="()" line-rate="1" branch-rate="1" complexity="1">
              <lines>
                <line number="29" hits="2" branch="False" />
              </lines>
            </method>
          </methods>
          <lines>
            <line number="29" hits="2" branch="False" />
          </lines>
        </class>
        <class name="Cube.DialogMessage" filename="Libraries\Core\Sources\Messages\DialogMessage.cs" line-rate="1" branch-rate="1" complexity="7">
          <methods>
            <method name="get_Title" signature="()" line-rate="1" branch-rate="1" complexity="1">
              <lines>
                <line number="69" hits="8" branch="False" />
              </lines>
            </method>
            <method name="get_Icon" signature="()" line-rate="1" branch-rate="1" complexity="1">
              <lines>
                <line number="80" hits="11" branch="False" />
              </lines>
            </method>
            <method name="get_Buttons" signature="()" line-rate="1" branch-rate="1" complexity="1">
              <lines>
                <line number="92" hits="6" branch="False" />
              </lines>
            </method>
            <method name="get_CancelCandidates" signature="()" line-rate="1" branch-rate="1" complexity="1">
              <lines>
                <line number="105" hits="6" branch="False" />
              </lines>
            </method>
            <method name="From" signature="(System.Exception)" line-rate="1" branch-rate="1" complexity="1">
              <lines>
                <line number="123" hits="3" branch="False" />
                <line number="124" hits="3" branch="False" />
                <line number="125" hits="3" branch="False" />
                <line number="126" hits="3" branch="False" />
                <line number="127" hits="3" branch="False" />
                <line number="128" hits="3" branch="False" />
                <line number="129" hits="3" branch="False" />
              </lines>
            </method>
            <method name=".ctor" signature="(System.String)" line-rate="1" branch-rate="1" complexity="2">
              <lines>
                <line number="50" hits="5" branch="False" />
                <line number="52" hits="5" branch="False" />
                <line number="53" hits="5" branch="True" condition-coverage="100% (2/2)">
                  <conditions>
                    <condition number="45" type="jump" coverage="100%" />
                  </conditions>
                </line>
                <line number="54" hits="5" branch="False" />
              </lines>
            </method>
          </methods>
          <lines>
            <line number="69" hits="8" branch="False" />
            <line number="80" hits="11" branch="False" />
            <line number="92" hits="6" branch="False" />
            <line number="105" hits="6" branch="False" />
            <line number="123" hits="3" branch="False" />
            <line number="124" hits="3" branch="False" />
            <line number="125" hits="3" branch="False" />
            <line number="126" hits="3" branch="False" />
            <line number="127" hits="3" branch="False" />
            <line number="128" hits="3" branch="False" />
            <line number="129" hits="3" branch="False" />
            <line number="50" hits="5" branch="False" />
            <line number="52" hits="5" branch="False" />
            <line number="53" hits="5" branch="True" condition-coverage="100% (2/2)">
              <conditions>
                <condition number="45" type="jump" coverage="100%" />
              </conditions>
            </line>
            <line number="54" hits="5" branch="False" />
          </lines>
        </class>
        <class name="Cube.DialogStatusExtension" filename="Libraries\Core\Sources\Messages\DialogMessage.cs" line-rate="1" branch-rate="1" complexity="2">
          <methods>
            <method name="Any" signature="(Cube.DialogStatus,Cube.DialogStatus,Cube.DialogStatus[])" line-rate="1" branch-rate="1" complexity="2">
              <lines>
                <line number="244" hits="4" branch="True" condition-coverage="100% (2/2)">
                  <conditions>
                    <condition number="20" type="jump" coverage="100%" />
                  </conditions>
                </line>
              </lines>
            </method>
          </methods>
          <lines>
            <line number="244" hits="4" branch="True" condition-coverage="100% (2/2)">
              <conditions>
                <condition number="20" type="jump" coverage="100%" />
              </conditions>
            </line>
          </lines>
        </class>
        <class name="Cube.FileDialogFilter" filename="Libraries\Core\Sources\Messages\FileDialogFilter.cs" line-rate="1" branch-rate="1" complexity="15">
          <methods>
            <method name="get_Text" signature="()" line-rate="1" branch-rate="1" complexity="1">
              <lines>
                <line number="94" hits="80" branch="False" />
              </lines>
            </method>
            <method name="get_Targets" signature="()" line-rate="1" branch-rate="1" complexity="1">
              <lines>
                <line number="105" hits="114" branch="False" />
              </lines>
            </method>
            <method name="get_IgnoreCase" signature="()" line-rate="1" branch-rate="1" complexity="1">
              <lines>
                <line number="117" hits="152" branch="False" />
              </lines>
            </method>
            <method name="ToString" signature="()" line-rate="1" branch-rate="1" complexity="2">
              <lines>
                <line number="134" hits="232" branch="False" />
                <line number="135" hits="80" branch="True" condition-coverage="100% (2/2)">
                  <conditions>
                    <condition number="50" type="jump" coverage="100%" />
                  </conditions>
                </line>
                <line number="136" hits="80" branch="False" />
                <line number="137" hits="80" branch="False" />
                <line number="139" hits="80" branch="False" />
              </lines>
            </method>
            <method name="Normalize" signature="(System.Collections.Generic.IEnumerable`1&lt;System.String&gt;)" line-rate="1" branch-rate="1" complexity="6">
              <lines>
                <line number="155" hits="62" branch="False" />
                <line number="156" hits="62" branch="False" />
                <line number="157" hits="147" branch="True" condition-coverage="100% (4/4)">
                  <conditions>
                    <condition number="6" type="jump" coverage="100%" />
                    <condition number="19" type="jump" coverage="100%" />
                  </conditions>
                </line>
                <line number="158" hits="94" branch="True" condition-coverage="100% (2/2)">
                  <conditions>
                    <condition number="34" type="jump" coverage="100%" />
                  </conditions>
                </line>
                <line number="159" hits="28" branch="False" />
                <line number="160" hits="62" branch="False" />
              </lines>
            </method>
            <method name="Format" signature="(System.String)" line-rate="1" branch-rate="1" complexity="2">
              <lines>
                <line number="174" hits="161" branch="True" condition-coverage="100% (2/2)">
                  <conditions>
                    <condition number="6" type="jump" coverage="100%" />
                  </conditions>
                </line>
                <line number="176" hits="143" branch="False" />
                <line number="178" hits="143" branch="False" />
                <line number="179" hits="143" branch="False" />
                <line number="180" hits="143" branch="False" />
                <line number="181" hits="143" branch="False" />
                <line number="182" hits="143" branch="False" />
                <line number="183" hits="143" branch="False" />
              </lines>
            </method>
            <method name=".ctor" signature="(System.String,System.String[])" line-rate="1" branch-rate="1" complexity="1">
              <lines>
                <line number="56" hits="104" branch="False" />
              </lines>
            </method>
            <method name=".ctor" signature="(System.String,System.Boolean,System.String[])" line-rate="1" branch-rate="1" complexity="1">
              <lines>
                <line number="74" hits="62" branch="False" />
                <line number="76" hits="62" branch="False" />
                <line number="77" hits="62" branch="False" />
                <line number="78" hits="166" branch="False" />
                <line number="79" hits="62" branch="False" />
              </lines>
            </method>
          </methods>
          <lines>
            <line number="94" hits="80" branch="False" />
            <line number="105" hits="114" branch="False" />
            <line number="117" hits="152" branch="False" />
            <line number="134" hits="232" branch="False" />
            <line number="135" hits="80" branch="True" condition-coverage="100% (2/2)">
              <conditions>
                <condition number="50" type="jump" coverage="100%" />
              </conditions>
            </line>
            <line number="136" hits="80" branch="False" />
            <line number="137" hits="80" branch="False" />
            <line number="139" hits="80" branch="False" />
            <line number="155" hits="62" branch="False" />
            <line number="156" hits="62" branch="False" />
            <line number="157" hits="147" branch="True" condition-coverage="100% (4/4)">
              <conditions>
                <condition number="6" type="jump" coverage="100%" />
                <condition number="19" type="jump" coverage="100%" />
              </conditions>
            </line>
            <line number="158" hits="94" branch="True" condition-coverage="100% (2/2)">
              <conditions>
                <condition number="34" type="jump" coverage="100%" />
              </conditions>
            </line>
            <line number="159" hits="28" branch="False" />
            <line number="160" hits="62" branch="False" />
            <line number="174" hits="161" branch="True" condition-coverage="100% (2/2)">
              <conditions>
                <condition number="6" type="jump" coverage="100%" />
              </conditions>
            </line>
            <line number="176" hits="143" branch="False" />
            <line number="178" hits="143" branch="False" />
            <line number="179" hits="143" branch="False" />
            <line number="180" hits="143" branch="False" />
            <line number="181" hits="143" branch="False" />
            <line number="182" hits="143" branch="False" />
            <line number="183" hits="143" branch="False" />
            <line number="56" hits="104" branch="False" />
            <line number="74" hits="62" branch="False" />
            <line number="76" hits="62" branch="False" />
            <line number="77" hits="62" branch="False" />
            <line number="78" hits="166" branch="False" />
            <line number="79" hits="62" branch="False" />
          </lines>
        </class>
        <class name="Cube.Message`1" filename="Libraries\Core\Sources\Messages\Message.cs" line-rate="1" branch-rate="1" complexity="3">
          <methods>
            <method name="get_Value" signature="()" line-rate="1" branch-rate="1" complexity="1">
              <lines>
                <line number="71" hits="135" branch="False" />
              </lines>
            </method>
            <method name=".ctor" signature="()" line-rate="1" branch-rate="1" complexity="1">
              <lines>
                <line number="42" hits="2" branch="False" />
              </lines>
            </method>
            <method name=".ctor" signature="(System.String)" line-rate="1" branch-rate="1" complexity="1">
              <lines>
                <line number="56" hits="76" branch="False" />
              </lines>
            </method>
          </methods>
          <lines>
            <line number="71" hits="135" branch="False" />
            <line number="42" hits="2" branch="False" />
            <line number="56" hits="76" branch="False" />
          </lines>
        </class>
        <class name="Cube.MessageBase" filename="Libraries\Core\Sources\Messages\MessageBase.cs" line-rate="1" branch-rate="1" complexity="3">
          <methods>
            <method name="get_Text" signature="()" line-rate="1" branch-rate="1" complexity="1">
              <lines>
                <line number="60" hits="34" branch="False" />
              </lines>
            </method>
            <method name="ToString" signature="()" line-rate="1" branch-rate="1" complexity="1">
              <lines>
                <line number="79" hits="22" branch="False" />
              </lines>
            </method>
            <method name=".ctor" signature="(System.String)" line-rate="1" branch-rate="1" complexity="1">
              <lines>
                <line number="45" hits="84" branch="False" />
              </lines>
            </method>
          </methods>
          <lines>
            <line number="60" hits="34" branch="False" />
            <line number="79" hits="22" branch="False" />
            <line number="45" hits="84" branch="False" />
          </lines>
        </class>
        <class name="Cube.OpenDirectoryMessage" filename="Libraries\Core\Sources\Messages\OpenDirectoryMessage.cs" line-rate="1" branch-rate="0.75" complexity="7">
          <methods>
            <method name="get_NewButton" signature="()" line-rate="1" branch-rate="1" complexity="1">
              <lines>
                <line number="74" hits="7" branch="False" />
              </lines>
            </method>
            <method name="Set" signature="(Cube.FileSystem.Entity)" line-rate="1" branch-rate="0.75" complexity="4">
              <lines>
                <line number="92" hits="3" branch="True" condition-coverage="75% (3/4)">
                  <conditions>
                    <condition number="2" type="jump" coverage="50%" />
                    <condition number="10" type="jump" coverage="100%" />
                  </conditions>
                </line>
                <line number="93" hits="3" branch="False" />
                <line number="94" hits="3" branch="False" />
                <line number="95" hits="3" branch="False" />
              </lines>
            </method>
            <method name=".ctor" signature="()" line-rate="1" branch-rate="1" complexity="1">
              <lines>
                <line number="44" hits="8" branch="False" />
              </lines>
            </method>
            <method name=".ctor" signature="(System.String)" line-rate="1" branch-rate="1" complexity="1">
              <lines>
                <line number="58" hits="8" branch="False" />
              </lines>
            </method>
          </methods>
          <lines>
            <line number="74" hits="7" branch="False" />
            <line number="92" hits="3" branch="True" condition-coverage="75% (3/4)">
              <conditions>
                <condition number="2" type="jump" coverage="50%" />
                <condition number="10" type="jump" coverage="100%" />
              </conditions>
            </line>
            <line number="93" hits="3" branch="False" />
            <line number="94" hits="3" branch="False" />
            <line number="95" hits="3" branch="False" />
            <line number="44" hits="8" branch="False" />
            <line number="58" hits="8" branch="False" />
          </lines>
        </class>
        <class name="Cube.OpenFileMessage" filename="Libraries\Core\Sources\Messages\OpenFileMessage.cs" line-rate="1" branch-rate="0.8332999999999999" complexity="10">
          <methods>
            <method name="get_Multiselect" signature="()" line-rate="1" branch-rate="1" complexity="1">
              <lines>
                <line number="80" hits="3" branch="False" />
              </lines>
            </method>
            <method name="Set" signature="(Cube.FileSystem.Entity)" line-rate="1" branch-rate="0.8332999999999999" complexity="6">
              <lines>
                <line number="100" hits="3" branch="True" condition-coverage="50% (1/2)">
                  <conditions>
                    <condition number="1" type="jump" coverage="50%" />
                  </conditions>
                </line>
                <line number="101" hits="3" branch="True" condition-coverage="100% (2/2)">
                  <conditions>
                    <condition number="11" type="jump" coverage="100%" />
                  </conditions>
[...]
            <line number="132" hits="3" branch="False" />
            <line number="146" hits="7" branch="False" />
            <line number="147" hits="7" branch="False" />
            <line number="148" hits="7" branch="False" />
            <line number="149" hits="7" branch="True" condition-coverage="100% (2/2)">
              <conditions>
                <condition number="12" type="jump" coverage="100%" />
              </conditions>
            </line>
            <line number="150" hits="7" branch="True" condition-coverage="100% (2/2)">
              <conditions>
                <condition number="21" type="jump" coverage="100%" />
              </conditions>
            </line>
            <line number="151" hits="7" branch="False" />
            <line number="152" hits="7" branch="False" />
            <line number="154" hits="12" branch="True" condition-coverage="100% (2/2)">
              <conditions>
                <condition number="272" type="jump" coverage="100%" />
              </conditions>
            </line>
            <line number="156" hits="12" branch="True" condition-coverage="100% (2/2)">
              <conditions>
                <condition number="42" type="jump" coverage="100%" />
              </conditions>
            </line>
            <line number="157" hits="12" branch="True" condition-coverage="100% (2/2)">
              <conditions>
                <condition number="62" type="jump" coverage="100%" />
              </conditions>
            </line>
            <line number="159" hits="12" branch="True" condition-coverage="100% (4/4)">
              <conditions>
                <condition number="84" type="jump" coverage="100%" />
                <condition number="90" type="jump" coverage="100%" />
              </conditions>
            </line>
            <line number="161" hits="6" branch="False" />
            <line number="162" hits="6" branch="False" />
            <line number="163" hits="6" branch="True" condition-coverage="100% (6/6)">
              <conditions>
                <condition number="109" type="jump" coverage="100%" />
                <condition number="114" type="jump" coverage="100%" />
                <condition number="119" type="jump" coverage="100%" />
              </conditions>
            </line>
            <line number="164" hits="6" branch="False" />
            <line number="165" hits="6" branch="False" />
            <line number="167" hits="12" branch="True" condition-coverage="100% (2/2)">
              <conditions>
                <condition number="148" type="jump" coverage="100%" />
              </conditions>
            </line>
            <line number="170" hits="12" branch="True" condition-coverage="100% (2/2)">
              <conditions>
                <condition number="181" type="jump" coverage="100%" />
              </conditions>
            </line>
            <line number="172" hits="5" branch="False" />
            <line number="173" hits="5" branch="False" />
            <line number="175" hits="5" branch="True" condition-coverage="50% (1/2)">
              <conditions>
                <condition number="208" type="jump" coverage="50%" />
              </conditions>
            </line>
            <line number="177" hits="5" branch="False" />
            <line number="178" hits="5" branch="False" />
            <line number="180" hits="5" branch="False" />
            <line number="183" hits="7" branch="False" />
            <line number="201" hits="6" branch="False" />
            <line number="202" hits="6" branch="False" />
            <line number="203" hits="6" branch="False" />
            <line number="204" hits="6" branch="False" />
            <line number="205" hits="6" branch="False" />
            <line number="218" hits="14" branch="True" condition-coverage="100% (2/2)">
              <conditions>
                <condition number="1" type="jump" coverage="100%" />
              </conditions>
            </line>
            <line number="219" hits="10" branch="False" />
            <line number="220" hits="12" branch="True" condition-coverage="100% (2/2)">
              <conditions>
                <condition number="19" type="jump" coverage="100%" />
              </conditions>
            </line>
            <line number="222" hits="8" branch="False" />
            <line number="223" hits="8" branch="False" />
            <line number="224" hits="8" branch="False" />
            <line number="51" hits="12" branch="False" />
            <line number="53" hits="12" branch="False" />
            <line number="54" hits="12" branch="False" />
            <line number="55" hits="12" branch="False" />
            <line number="56" hits="12" branch="False" />
            <line number="57" hits="12" branch="False" />
          </lines>
        </class>
        <class name="Cube.Collections.Differences.OnpAlgorithm`1" filename="Libraries\Trick\Sources\Differences\OnpAlgorithm.cs" line-rate="1" branch-rate="1" complexity="38">
          <methods>
            <method name="Compare" signature="(System.Collections.Generic.IEnumerable`1&lt;T&gt;,System.Collections.Generic.IEnumerable`1&lt;T&gt;,Cube.Collections.Differences.Condition)" line-rate="1" branch-rate="1" complexity="4">
              <lines>
                <line number="90" hits="7" branch="True" condition-coverage="100% (4/4)">
                  <conditions>
                    <condition number="2" type="jump" coverage="100%" />
                    <condition number="14" type="jump" coverage="100%" />
                  </conditions>
                </line>
              </lines>
            </method>
            <method name="Compare" signature="(T[],T[],Cube.Collections.Differences.Condition)" line-rate="1" branch-rate="1" complexity="12">
              <lines>
                <line number="109" hits="7" branch="True" condition-coverage="100% (8/8)">
                  <conditions>
                    <condition number="1" type="jump" coverage="100%" />
                    <condition number="5" type="jump" coverage="100%" />
                    <condition number="8" type="jump" coverage="100%" />
                    <condition number="12" type="jump" coverage="100%" />
                  </conditions>
                </line>
                <line number="111" hits="4" branch="False" />
                <line number="114" hits="3" branch="False" />
                <line number="115" hits="3" branch="True" condition-coverage="100% (2/2)">
                  <conditions>
                    <condition number="45" type="jump" coverage="100%" />
                  </conditions>
                </line>
                <line number="116" hits="3" branch="True" condition-coverage="100% (2/2)">
                  <conditions>
                    <condition number="63" type="jump" coverage="100%" />
                  </conditions>
                </line>
                <line number="118" hits="3" branch="False" />
              </lines>
            </method>
            <method name="CompareEmpty" signature="(T[],T[],Cube.Collections.Differences.Condition)" line-rate="1" branch-rate="1" complexity="4">
              <lines>
                <line number="135" hits="4" branch="True" condition-coverage="100% (4/4)">
                  <conditions>
                    <condition number="1" type="jump" coverage="100%" />
                    <condition number="10" type="jump" coverage="100%" />
                  </conditions>
                </line>
                <line number="136" hits="4" branch="False" />
                <line number="137" hits="4" branch="False" />
                <line number="138" hits="4" branch="False" />
                <line number="139" hits="4" branch="False" />
              </lines>
            </method>
            <method name="Compare" signature="(Cube.Collections.Differences.Condition)" line-rate="1" branch-rate="1" complexity="6">
              <lines>
                <line number="154" hits="3" branch="False" />
                <line number="156" hits="3" branch="False" />
                <line number="157" hits="3" branch="False" />
                <line number="160" hits="152" branch="True" condition-coverage="100% (2/2)">
                  <conditions>
                    <condition number="68" type="jump" coverage="100%" />
                  </conditions>
                </line>
                <line number="161" hits="155" branch="True" condition-coverage="100% (2/2)">
                  <conditions>
                    <condition number="89" type="jump" coverage="100%" />
                  </conditions>
                </line>
                <line number="162" hits="13" branch="False" />
                <line number="164" hits="13" branch="True" condition-coverage="100% (2/2)">
                  <conditions>
                    <condition number="131" type="jump" coverage="100%" />
                  </conditions>
                </line>
                <line number="166" hits="3" branch="False" />
                <line number="167" hits="3" branch="False" />
              </lines>
            </method>
            <method name="SearchSnake" signature="(System.Int32)" line-rate="1" branch-rate="1" complexity="10">
              <lines>
                <line number="181" hits="85" branch="False" />
                <line number="183" hits="85" branch="False" />
                <line number="184" hits="85" branch="False" />
                <line number="186" hits="85" branch="False" />
                <line number="187" hits="85" branch="False" />
                <line number="189" hits="85" branch="True" condition-coverage="100% (2/2)">
                  <conditions>
                    <condition number="60" type="jump" coverage="100%" />
                  </conditions>
                </line>
                <line number="191" hits="85" branch="False" />
                <line number="192" hits="85" branch="False" />
                <line number="194" hits="85" branch="False" />
                <line number="195" hits="85" branch="False" />
                <line number="197" hits="108" branch="True" condition-coverage="100% (6/6)">
                  <conditions>
                    <condition number="197" type="jump" coverage="100%" />
                    <condition number="146" type="jump" coverage="100%" />
                    <condition number="158" type="jump" coverage="100%" />
                  </conditions>
                </line>
                <line number="199" hits="23" branch="False" />
                <line number="200" hits="23" branch="False" />
                <line number="203" hits="85" branch="True" condition-coverage="100% (2/2)">
                  <conditions>
                    <condition number="215" type="jump" coverage="100%" />
                  </conditions>
                </line>
                <line number="204" hits="85" branch="False" />
                <line number="205" hits="85" branch="False" />
              </lines>
            </method>
            <method name=".ctor" signature="()" line-rate="1" branch-rate="1" complexity="1">
              <lines>
                <line number="53" hits="12" branch="False" />
              </lines>
            </method>
            <method name=".ctor" signature="(System.Collections.Generic.IEqualityComparer`1&lt;T&gt;)" line-rate="1" branch-rate="1" complexity="1">
              <lines>
                <line number="67" hits="21" branch="False" />
              </lines>
            </method>
          </methods>
          <lines>
            <line number="90" hits="7" branch="True" condition-coverage="100% (4/4)">
              <conditions>
                <condition number="2" type="jump" coverage="100%" />
                <condition number="14" type="jump" coverage="100%" />
              </conditions>
            </line>
            <line number="109" hits="7" branch="True" condition-coverage="100% (8/8)">
              <conditions>
                <condition number="1" type="jump" coverage="100%" />
                <condition number="5" type="jump" coverage="100%" />
                <condition number="8" type="jump" coverage="100%" />
                <condition number="12" type="jump" coverage="100%" />
              </conditions>
            </line>
            <line number="111" hits="4" branch="False" />
            <line number="114" hits="3" branch="False" />
            <line number="115" hits="3" branch="True" condition-coverage="100% (2/2)">
              <conditions>
                <condition number="45" type="jump" coverage="100%" />
              </conditions>
            </line>
            <line number="116" hits="3" branch="True" condition-coverage="100% (2/2)">
              <conditions>
                <condition number="63" type="jump" coverage="100%" />
              </conditions>
            </line>
            <line number="118" hits="3" branch="False" />
            <line number="135" hits="4" branch="True" condition-coverage="100% (4/4)">
              <conditions>
                <condition number="1" type="jump" coverage="100%" />
                <condition number="10" type="jump" coverage="100%" />
              </conditions>
            </line>
            <line number="136" hits="4" branch="False" />
            <line number="137" hits="4" branch="False" />
            <line number="138" hits="4" branch="False" />
            <line number="139" hits="4" branch="False" />
            <line number="154" hits="3" branch="False" />
            <line number="156" hits="3" branch="False" />
            <line number="157" hits="3" branch="False" />
            <line number="160" hits="152" branch="True" condition-coverage="100% (2/2)">
              <conditions>
                <condition number="68" type="jump" coverage="100%" />
              </conditions>
            </line>
            <line number="161" hits="155" branch="True" condition-coverage="100% (2/2)">
              <conditions>
                <condition number="89" type="jump" coverage="100%" />
              </conditions>
            </line>
            <line number="162" hits="13" branch="False" />
            <line number="164" hits="13" branch="True" condition-coverage="100% (2/2)">
              <conditions>
                <condition number="131" type="jump" coverage="100%" />
              </conditions>
            </line>
            <line number="166" hits="3" branch="False" />
            <line number="167" hits="3" branch="False" />
            <line number="181" hits="85" branch="False" />
            <line number="183" hits="85" branch="False" />
            <line number="184" hits="85" branch="False" />
            <line number="186" hits="85" branch="False" />
            <line number="187" hits="85" branch="False" />
            <line number="189" hits="85" branch="True" condition-coverage="100% (2/2)">
              <conditions>
                <condition number="60" type="jump" coverage="100%" />
              </conditions>
            </line>
            <line number="191" hits="85" branch="False" />
            <line number="192" hits="85" branch="False" />
            <line number="194" hits="85" branch="False" />
            <line number="195" hits="85" branch="False" />
            <line number="197" hits="108" branch="True" condition-coverage="100% (6/6)">
              <conditions>
                <condition number="197" type="jump" coverage="100%" />
                <condition number="146" type="jump" coverage="100%" />
                <condition number="158" type="jump" coverage="100%" />
              </conditions>
            </line>
            <line number="199" hits="23" branch="False" />
            <line number="200" hits="23" branch="False" />
            <line number="203" hits="85" branch="True" condition-coverage="100% (2/2)">
              <conditions>
                <condition number="215" type="jump" coverage="100%" />
              </conditions>
            </line>
            <line number="204" hits="85" branch="False" />
            <line number="205" hits="85" branch="False" />
            <line number="53" hits="12" branch="False" />
            <line number="67" hits="21" branch="False" />
          </lines>
        </class>
        <class name="Cube.Collections.Differences.OnpAlgorithm`1/Snake" filename="Libraries\Trick\Sources\Differences\OnpAlgorithm.cs" line-rate="0.6666" branch-rate="0" complexity="4">
          <methods>
            <method name="get_Position" signature="()" line-rate="1" branch-rate="1" complexity="1">
              <lines>
                <line number="213" hits="268" branch="False" />
              </lines>
            </method>
            <method name="get_Sequence" signature="()" line-rate="1" branch-rate="1" complexity="1">
              <lines>
                <line number="214" hits="173" branch="False" />
              </lines>
            </method>
            <method name="Equals" signature="(Cube.Collections.Differences.OnpAlgorithm`1/Snake&lt;T&gt;)" line-rate="0" branch-rate="0" complexity="2">
              <lines>
                <line number="215" hits="0" branch="True" condition-coverage="0% (0/2)">
                  <conditions>
                    <condition number="13" type="jump" coverage="0%" />
                  </conditions>
                </line>
              </lines>
            </method>
          </methods>
          <lines>
            <line number="213" hits="268" branch="False" />
            <line number="214" hits="173" branch="False" />
            <line number="215" hits="0" branch="True" condition-coverage="0% (0/2)">
              <conditions>
                <condition number="13" type="jump" coverage="0%" />
              </conditions>
            </line>
          </lines>
        </class>
        <class name="Cube.Collections.Differences.Result`1" filename="Libraries\Trick\Sources\Differences\Result.cs" line-rate="1" branch-rate="1" complexity="4">
          <methods>
            <method name="get_Condition" signature="()" line-rate="1" branch-rate="1" complexity="1">
              <lines>
                <line number="97" hits="8" branch="False" />
              </lines>
            </method>
            <method name="get_Older" signature="()" line-rate="1" branch-rate="1" complexity="1">
              <lines>
                <line number="108" hits="8" branch="False" />
              </lines>
            </method>
            <method name="get_Newer" signature="()" line-rate="1" branch-rate="1" complexity="1">
              <lines>
                <line number="119" hits="8" branch="False" />
              </lines>
            </method>
            <method name=".ctor" signature="(Cube.Collections.Differences.Condition,System.Collections.Generic.IEnumerable`1&lt;T&gt;,System.Collections.Generic.IEnumerable`1&lt;T&gt;)" line-rate="1" branch-rate="1" complexity="1">
              <lines>
                <line number="77" hits="8" branch="False" />
                <line number="79" hits="8" branch="False" />
                <line number="80" hits="8" branch="False" />
                <line number="81" hits="8" branch="False" />
                <line number="82" hits="8" branch="False" />
              </lines>
            </method>
          </methods>
          <lines>
            <line number="97" hits="8" branch="False" />
            <line number="108" hits="8" branch="False" />
            <line number="119" hits="8" branch="False" />
            <line number="77" hits="8" branch="False" />
            <line number="79" hits="8" branch="False" />
            <line number="80" hits="8" branch="False" />
            <line number="81" hits="8" branch="False" />
            <line number="82" hits="8" branch="False" />
          </lines>
        </class>
      </classes>
    </package>
  </packages>
</coverage>