<?xml version="1.0" encoding="utf-8"?>
<coverage line-rate="0.3994" branch-rate="0.2235" version="1.9" timestamp="1775000515" lines-covered="906" lines-valid="2268" branches-covered="235" branches-valid="1051">
  <sources>
    <source>C:\work\cube.core\</source>
  </sources>
  <packages>
    <package name="Cube.Core" line-rate="0.1883" branch-rate="0.127" complexity="1201">
      <classes>
        <class name="Cube.Accessor`1" filename="Libraries\Core\Sources\Accessor.cs" line-rate="0.9473" branch-rate="1" complexity="10">
          <methods>
            <method name="Get" signature="()" line-rate="1" branch-rate="1" complexity="1">
              <lines>
                <line number="176" hits="19" branch="False" />
              </lines>
            </method>
            <method name="Set" signature="(T)" line-rate="1" branch-rate="1" complexity="2">
              <lines>
                <line number="196" hits="15" branch="True" condition-coverage="100% (2/2)">
                  <conditions>
                    <condition number="18" type="jump" coverage="100%" />
                  </conditions>
                </line>
                <line number="197" hits="9" branch="False" />
                <line number="198" hits="7" branch="False" />
              </lines>
            </method>
            <method name=".ctor" signature="()" line-rate="0" branch-rate="1" complexity="1">
              <lines>
                <line number="67" hits="0" branch="False" />
              </lines>
            </method>
            <method name=".ctor" signature="(T)" line-rate="1" branch-rate="1" complexity="1">
              <lines>
                <line number="81" hits="6" branch="False" />
              </lines>
            </method>
            <method name=".ctor" signature="(T,System.Collections.Generic.IEqualityComparer`1&lt;T&gt;)" line-rate="1" branch-rate="1" complexity="1">
              <lines>
                <line number="96" hits="3" branch="False" />
                <line number="98" hits="3" branch="False" />
                <line number="100" hits="3" branch="False" />
                <line number="101" hits="8" branch="False" />
                <line number="102" hits="6" branch="False" />
                <line number="103" hits="3" branch="False" />
              </lines>
            </method>
            <method name=".ctor" signature="(Cube.Getter`1&lt;T&gt;)" line-rate="1" branch-rate="1" complexity="2">
              <lines>
                <line number="122" hits="10" branch="True" condition-coverage="100% (2/2)">
                  <conditions>
                    <condition number="8" type="jump" coverage="100%" />
                  </conditions>
                </line>
              </lines>
            </method>
            <method name=".ctor" signature="(Cube.Getter`1&lt;T&gt;,Cube.Setter`1&lt;T&gt;)" line-rate="1" branch-rate="1" complexity="1">
              <lines>
                <line number="138" hits="12" branch="False" />
              </lines>
            </method>
            <method name=".ctor" signature="(Cube.Getter`1&lt;T&gt;,Cube.Setter`1&lt;T&gt;,System.Collections.Generic.IEqualityComparer`1&lt;T&gt;)" line-rate="1" branch-rate="1" complexity="1">
              <lines>
                <line number="154" hits="6" branch="False" />
                <line number="156" hits="6" branch="False" />
                <line number="157" hits="6" branch="False" />
                <line number="158" hits="6" branch="False" />
                <line number="159" hits="6" branch="False" />
              </lines>
            </method>
          </methods>
          <lines>
            <line number="176" hits="19" branch="False" />
            <line number="196" hits="15" branch="True" condition-coverage="100% (2/2)">
              <conditions>
                <condition number="18" type="jump" coverage="100%" />
              </conditions>
            </line>
            <line number="197" hits="9" branch="False" />
            <line number="198" hits="7" branch="False" />
            <line number="67" hits="0" branch="False" />
            <line number="81" hits="6" branch="False" />
            <line number="96" hits="3" branch="False" />
            <line number="98" hits="3" branch="False" />
            <line number="100" hits="3" branch="False" />
            <line number="101" hits="8" branch="False" />
            <line number="102" hits="6" branch="False" />
            <line number="103" hits="3" branch="False" />
            <line number="122" hits="10" branch="True" condition-coverage="100% (2/2)">
              <conditions>
                <condition number="8" type="jump" coverage="100%" />
              </conditions>
            </line>
            <line number="138" hits="12" branch="False" />
            <line number="154" hits="6" branch="False" />
            <line number="156" hits="6" branch="False" />
            <line number="157" hits="6" branch="False" />
            <line number="158" hits="6" branch="False" />
            <line number="159" hits="6" branch="False" />
          </lines>
        </class>
        <class name="Cube.Aggregator" filename="Libraries\Core\Sources\Aggregator.cs" line-rate="1" branch-rate="0.8" complexity="14">
          <methods>
            <method name="Publish" signature="(T)" line-rate="1" branch-rate="0.6666" complexity="6">
              <lines>
                <line number="132" hits="3" branch="True" condition-coverage="50% (1/2)">
                  <conditions>
                    <condition number="6" type="jump" coverage="50%" />
                  </conditions>
                </line>
                <line number="133" hits="3" branch="False" />
                <line number="134" hits="3" branch="True" condition-coverage="50% (1/2)">
                  <conditions>
                    <condition number="40" type="jump" coverage="50%" />
                  </conditions>
                </line>
                <line number="135" hits="18" branch="True" condition-coverage="100% (2/2)">
                  <conditions>
                    <condition number="75" type="jump" coverage="100%" />
                  </conditions>
                </line>
                <line number="136" hits="3" branch="False" />
              </lines>
            </method>
            <method name="Subscribe" signature="(System.Action`1&lt;T&gt;)" line-rate="1" branch-rate="1" complexity="1">
              <lines>
                <line number="156" hits="29" branch="False" />
              </lines>
            </method>
            <method name="Get" signature="(System.Type)" line-rate="1" branch-rate="1" complexity="1">
              <lines>
                <line number="172" hits="28" branch="False" />
              </lines>
            </method>
            <method name="GetOrAdd" signature="(System.Type)" line-rate="1" branch-rate="1" complexity="4">
              <lines>
                <line number="185" hits="25" branch="True" condition-coverage="100% (2/2)">
                  <conditions>
                    <condition number="12" type="jump" coverage="100%" />
                  </conditions>
                </line>
                <line number="187" hits="24" branch="False" />
                <line number="189" hits="24" branch="True" condition-coverage="100% (2/2)">
                  <conditions>
                    <condition number="48" type="jump" coverage="100%" />
                  </conditions>
                </line>
                <line number="191" hits="24" branch="False" />
                <line number="193" hits="24" branch="False" />
                <line number="195" hits="25" branch="False" />
              </lines>
            </method>
            <method name=".ctor" signature="()" line-rate="1" branch-rate="1" complexity="1">
              <lines>
                <line number="83" hits="14" branch="False" />
              </lines>
            </method>
            <method name=".ctor" signature="(System.Int32)" line-rate="1" branch-rate="1" complexity="1">
              <lines>
                <line number="113" hits="14" branch="False" />
              </lines>
            </method>
          </methods>
          <lines>
            <line number="132" hits="3" branch="True" condition-coverage="50% (1/2)">
              <conditions>
                <condition number="6" type="jump" coverage="50%" />
              </conditions>
            </line>
            <line number="133" hits="3" branch="False" />
            <line number="134" hits="3" branch="True" condition-coverage="50% (1/2)">
              <conditions>
                <condition number="40" type="jump" coverage="50%" />
              </conditions>
            </line>
            <line number="135" hits="18" branch="True" condition-coverage="100% (2/2)">
              <conditions>
                <condition number="75" type="jump" coverage="100%" />
              </conditions>
            </line>
            <line number="136" hits="3" branch="False" />
            <line number="156" hits="29" branch="False" />
            <line number="172" hits="28" branch="False" />
            <line number="185" hits="25" branch="True" condition-coverage="100% (2/2)">
              <conditions>
                <condition number="12" type="jump" coverage="100%" />
              </conditions>
            </line>
            <line number="187" hits="24" branch="False" />
            <line number="189" hits="24" branch="True" condition-coverage="100% (2/2)">
              <conditions>
                <condition number="48" type="jump" coverage="100%" />
              </conditions>
            </line>
            <line number="191" hits="24" branch="False" />
            <line number="193" hits="24" branch="False" />
            <line number="195" hits="25" branch="False" />
            <line number="83" hits="14" branch="False" />
            <line number="113" hits="14" branch="False" />
          </lines>
        </class>
        <class name="Cube.Dispatcher" filename="Libraries\Core\Sources\Dispatcher.cs" line-rate="1" branch-rate="1" complexity="1">
          <methods>
            <method name="get_Vanilla" signature="()" line-rate="1" branch-rate="1" complexity="1">
              <lines>
                <line number="45" hits="16" branch="False" />
              </lines>
            </method>
          </methods>
          <lines>
            <line number="45" hits="16" branch="False" />
          </lines>
        </class>
        <class name="Cube.ContextDispatcher" filename="Libraries\Core\Sources\Dispatcher.cs" line-rate="0.7" branch-rate="0.5" complexity="7">
          <methods>
            <method name="get_Synchronous" signature="()" line-rate="1" branch-rate="1" complexity="1">
              <lines>
                <line number="139" hits="3" branch="False" />
              </lines>
            </method>
            <method name="get_Context" signature="()" line-rate="1" branch-rate="1" complexity="1">
              <lines>
                <line number="150" hits="3" branch="False" />
              </lines>
            </method>
            <method name="Invoke" signature="(System.Action)" line-rate="0.3333" branch-rate="0.5" complexity="2">
              <lines>
                <line number="165" hits="9" branch="True" condition-coverage="50% (1/2)">
                  <conditions>
                    <condition number="19" type="jump" coverage="50%" />
                  </conditions>
                </line>
                <line number="166" hits="0" branch="False" />
                <line number="167" hits="0" branch="False" />
              </lines>
            </method>
            <method name=".ctor" signature="(System.Boolean)" line-rate="0" branch-rate="1" complexity="1">
              <lines>
                <line number="96" hits="0" branch="False" />
              </lines>
            </method>
            <method name=".ctor" signature="(System.Threading.SynchronizationContext,System.Boolean)" line-rate="1" branch-rate="0.5" complexity="2">
              <lines>
                <line number="118" hits="14" branch="False" />
                <line number="120" hits="14" branch="False" />
                <line number="121" hits="14" branch="True" condition-coverage="50% (1/2)">
                  <conditions>
                    <condition number="16" type="jump" coverage="50%" />
                  </conditions>
                </line>
                <line number="122" hits="14" branch="False" />
              </lines>
            </method>
          </methods>
          <lines>
            <line number="139" hits="3" branch="False" />
            <line number="150" hits="3" branch="False" />
            <line number="165" hits="9" branch="True" condition-coverage="50% (1/2)">
              <conditions>
                <condition number="19" type="jump" coverage="50%" />
              </conditions>
            </line>
            <line number="166" hits="0" branch="False" />
            <line number="167" hits="0" branch="False" />
            <line number="96" hits="0" branch="False" />
            <line number="118" hits="14" branch="False" />
            <line number="120" hits="14" branch="False" />
            <line number="121" hits="14" branch="True" condition-coverage="50% (1/2)">
              <conditions>
                <condition number="16" type="jump" coverage="50%" />
              </conditions>
            </line>
            <line number="122" hits="14" branch="False" />
          </lines>
        </class>
        <class name="Cube.VanillaDispatcher" filename="Libraries\Core\Sources\Dispatcher.cs" line-rate="1" branch-rate="1" complexity="1">
          <methods>
            <method name="Invoke" signature="(System.Action)" line-rate="1" branch-rate="1" complexity="1">
              <lines>
                <line number="196" hits="14" branch="False" />
              </lines>
            </method>
          </methods>
          <lines>
            <line number="196" hits="14" branch="False" />
          </lines>
        </class>
        <class name="Cube.Disposable" filename="Libraries\Core\Sources\Disposable.cs" line-rate="1" branch-rate="0.5" complexity="2">
          <methods>
            <method name="Create" signature="(System.Action)" line-rate="1" branch-rate="0.5" complexity="2">
              <lines>
                <line number="50" hits="36" branch="True" condition-coverage="50% (1/2)">
                  <conditions>
                    <condition number="1" type="jump" coverage="50%" />
                  </conditions>
                </line>
                <line number="51" hits="36" branch="False" />
              </lines>
            </method>
          </methods>
          <lines>
            <line number="50" hits="36" branch="True" condition-coverage="50% (1/2)">
              <conditions>
                <condition number="1" type="jump" coverage="50%" />
              </conditions>
            </line>
            <line number="51" hits="36" branch="False" />
          </lines>
        </class>
        <class name="Cube.Disposable/DisposableCore" filename="Libraries\Core\Sources\Disposable.cs" line-rate="1" branch-rate="1" complexity="2">
          <methods>
            <method name="Dispose" signature="()" line-rate="1" branch-rate="1" complexity="1">
              <lines>
                <line number="71" hits="12" branch="False" />
              </lines>
            </method>
            <method name=".ctor" signature="(System.Action)" line-rate="1" branch-rate="1" complexity="1">
              <lines>
                <line number="70" hits="72" branch="False" />
              </lines>
            </method>
          </methods>
          <lines>
            <line number="71" hits="12" branch="False" />
            <line number="70" hits="72" branch="False" />
          </lines>
        </class>
        <class name="Cube.DisposableBase" filename="Libraries\Core\Sources\DisposableBase.cs" line-rate="1" branch-rate="0.5" complexity="5">
          <methods>
            <method name="get_Disposed" signature="()" line-rate="1" branch-rate="1" complexity="1">
              <lines>
                <line number="59" hits="25" branch="False" />
              </lines>
            </method>
            <method name="Finalize" signature="()" line-rate="1" branch-rate="0.5" complexity="2">
              <lines>
                <line number="74" hits="41" branch="True" condition-coverage="50% (1/2)">
                  <conditions>
                    <condition number="7" type="jump" coverage="50%" />
                  </conditions>
                </line>
              </lines>
            </method>
            <method name="Dispose" signature="()" line-rate="1" branch-rate="1" complexity="1">
              <lines>
                <line number="87" hits="19" branch="False" />
                <line number="88" hits="19" branch="False" />
                <line number="89" hits="19" branch="False" />
              </lines>
            </method>
            <method name=".ctor" signature="()" line-rate="1" branch-rate="1" complexity="1">
              <lines>
                <line number="44" hits="208" branch="False" />
              </lines>
            </method>
          </methods>
          <lines>
            <line number="59" hits="25" branch="False" />
            <line number="74" hits="41" branch="True" condition-coverage="50% (1/2)">
              <conditions>
                <condition number="7" type="jump" coverage="50%" />
              </conditions>
            </line>
            <line number="87" hits="19" branch="False" />
            <line number="88" hits="19" branch="False" />
            <line number="89" hits="19" branch="False" />
            <line number="44" hits="208" branch="False" />
          </lines>
        </class>
        <class name="Cube.DisposableContainer" filename="Libraries\Core\Sources\DisposableContainer.cs" line-rate="0.8571" branch-rate="0.8332999999999999" complexity="11">
          <methods>
            <method name="Contains" signature="(System.IDisposable)" line-rate="0" branch-rate="1" complexity="1">
              <lines>
                <line number="95" hits="0" branch="False" />
              </lines>
            </method>
            <method name="Add" signature="(System.IDisposable)" line-rate="1" branch-rate="0.5" complexity="2">
              <lines>
                <line number="115" hits="8" branch="True" condition-coverage="50% (1/2)">
                  <conditions>
                    <condition number="6" type="jump" coverage="50%" />
                  </conditions>
                </line>
                <line number="116" hits="8" branch="False" />
                <line number="117" hits="8" branch="False" />
              </lines>
            </method>
            <method name="Add" signature="(System.IDisposable,System.IDisposable[])" line-rate="1" branch-rate="1" complexity="2">
              <lines>
                <line number="138" hits="1" branch="False" />
                <line number="139" hits="5" branch="True" condition-coverage="100% (2/2)">
                  <conditions>
                    <condition number="32" type="jump" coverage="100%" />
                  </conditions>
                </line>
                <line number="140" hits="1" branch="False" />
              </lines>
            </method>
            <method name="Add" signature="(System.Action)" line-rate="1" branch-rate="1" complexity="1">
              <lines>
                <line number="155" hits="2" branch="False" />
              </lines>
            </method>
            <method name="Dispose" signature="(System.Boolean)" line-rate="1" branch-rate="1" complexity="2">
              <lines>
                <line number="174" hits="38" branch="True" condition-coverage="100% (2/2)">
                  <conditions>
                    <condition number="13" type="jump" coverage="100%" />
                  </conditions>
                </line>
                <line number="175" hits="26" branch="False" />
              </lines>
            </method>
            <method name=".ctor" signature="()" line-rate="1" branch-rate="1" complexity="1">
              <lines>
                <line number="47" hits="72" branch="False" />
                <line number="180" hits="37" branch="False" />
              </lines>
            </method>
            <method name=".ctor" signature="(System.IDisposable)" line-rate="0" branch-rate="1" complexity="1">
              <lines>
                <line number="61" hits="0" branch="False" />
              </lines>
            </method>
            <method name=".ctor" signature="(System.IDisposable,System.IDisposable[])" line-rate="1" branch-rate="1" complexity="1">
              <lines>
                <line number="76" hits="2" branch="False" />
              </lines>
            </method>
          </methods>
          <lines>
            <line number="95" hits="0" branch="False" />
            <line number="115" hits="8" branch="True" condition-coverage="50% (1/2)">
              <conditions>
                <condition number="6" type="jump" coverage="50%" />
              </conditions>
            </line>
            <line number="116" hits="8" branch="False" />
            <line number="117" hits="8" branch="False" />
            <line number="138" hits="1" branch="False" />
            <line number="139" hits="5" branch="True" condition-coverage="100% (2/2)">
              <conditions>
                <condition number="32" type="jump" coverage="100%" />
              </conditions>
            </line>
            <line number="140" hits="1" branch="False" />
            <line number="155" hits="2" branch="False" />
            <line number="174" hits="38" branch="True" condition-coverage="100% (2/2)">
              <conditions>
                <condition number="13" type="jump" coverage="100%" />
              </conditions>
            </line>
            <line number="175" hits="26" branch="False" />
            <line number="47" hits="72" branch="False" />
            <line number="180" hits="37" branch="False" />
            <line number="61" hits="0" branch="False" />
            <line number="76" hits="2" branch="False" />
          </lines>
        </class>
        <class name="Cube.DisposableExtension" filename="Libraries\Core\Sources\DisposableExtension.cs" line-rate="0" branch-rate="1" complexity="1">
          <methods>
            <method name="Hook" signature="(Cube.DisposableContainer,T)" line-rate="0" branch-rate="1" complexity="1">
              <lines>
                <line number="52" hits="0" branch="False" />
                <line number="53" hits="0" branch="False" />
              </lines>
            </method>
          </methods>
          <lines>
            <line number="52" hits="0" branch="False" />
            <line number="53" hits="0" branch="False" />
          </lines>
        </class>
        <class name="Cube.DisposableProxy" filename="Libraries\Core\Sources\DisposableProxy.cs" line-rate="0" branch-rate="0" complexity="5">
          <methods>
            <method name="Dispose" signature="(System.Boolean)" line-rate="0" branch-rate="0" complexity="2">
              <lines>
                <line number="88" hits="0" branch="True" condition-coverage="0% (0/2)">
                  <conditions>
                    <condition number="1" type="jump" coverage="0%" />
                  </conditions>
                </line>
                <line number="89" hits="0" branch="False" />
              </lines>
            </method>
            <method name=".ctor" signature="(System.Func`1&lt;System.IDisposable&gt;)" line-rate="0" branch-rate="1" complexity="1">
              <lines>
                <line number="50" hits="0" branch="False" />
              </lines>
            </method>
            <method name=".ctor" signature="(System.IDisposable)" line-rate="0" branch-rate="0" complexity="2">
              <lines>
                <line number="64" hits="0" branch="False" />
                <line number="65" hits="0" branch="True" condition-coverage="0% (0/2)">
                  <conditions>
                    <condition number="9" type="jump" coverage="0%" />
                  </conditions>
                </line>
              </lines>
            </method>
          </methods>
          <lines>
            <line number="88" hits="0" branch="True" condition-coverage="0% (0/2)">
              <conditions>
                <condition number="1" type="jump" coverage="0%" />
              </conditions>
            </line>
            <line number="89" hits="0" branch="False" />
            <line number="50" hits="0" branch="False" />
            <line number="64" hits="0" branch="False" />
            <line number="65" hits="0" branch="True" condition-coverage="0% (0/2)">
              <conditions>
                <condition number="9" type="jump" coverage="0%" />
              </conditions>
            </line>
          </lines>
        </class>
        <class name="Cube.CollectionEventArgs" filename="Libraries\Core\Sources\Events\CollectionEventArgs.cs" line-rate="0" branch-rate="1" complexity="2">
          <methods>
            <method name="Create" signature="(System.Collections.Generic.IEnumerable`1&lt;T&gt;)" line-rate="0" branch-rate="1" complexity="1">
              <lines>
                <line number="51" hits="0" branch="False" />
              </lines>
            </method>
            <method name="Create" signature="(System.Collections.Generic.IEnumerable`1&lt;T&gt;,System.Boolean)" line-rate="0" branch-rate="1" complexity="1">
              <lines>
                <line number="69" hits="0" branch="False" />
              </lines>
            </method>
          </methods>
          <lines>
            <line number="51" hits="0" branch="False" />
            <line number="69" hits="0" branch="False" />
          </lines>
        </class>
        <class name="Cube.CollectionEventArgs`1" filename="Libraries\Core\Sources\Events\CollectionEventArgs.cs" line-rate="0" branch-rate="1" complexity="1">
          <methods>
            <method name=".ctor" signature="(System.Collections.Generic.IEnumerable`1&lt;T&gt;)" line-rate="0" branch-rate="1" complexity="1">
              <lines>
                <line number="89" hits="0" branch="False" />
              </lines>
            </method>
          </methods>
          <lines>
            <line number="89" hits="0" branch="False" />
          </lines>
        </class>
        <class name="Cube.CollectionCancelEventArgs`1" filename="Libraries\Core\Sources\Events\CollectionEventArgs.cs" line-rate="0" branch-rate="1" complexity="2">
          <methods>
            <method name=".ctor" signature="(System.Collections.Generic.IEnumerable`1&lt;T&gt;)" line-rate="0" branch-rate="1" complexity="1">
              <lines>
                <line number="122" hits="0" branch="False" />
              </lines>
            </method>
            <method name=".ctor" signature="(System.Collections.Generic.IEnumerable`1&lt;T&gt;,System.Boolean)" line-rate="0" branch-rate="1" complexity="1">
              <lines>
                <line number="139" hits="0" branch="False" />
              </lines>
            </method>
          </methods>
          <lines>
            <line number="122" hits="0" branch="False" />
            <line number="139" hits="0" branch="False" />
          </lines>
        </class>
        <class name="Cube.EventBehavior" filename="Libraries\Core\Sources\Events\EventBehavior.cs" line-rate="0.8887999999999999" branch-rate="0.5" complexity="9">
          <methods>
            <method name="Dispose" signature="(System.Boolean)" line-rate="1" branch-rate="0.5" complexity="2">
              <lines>
                <line number="102" hits="2" branch="True" condition-coverage="50% (1/2)">
                  <conditions>
                    <condition number="1" type="jump" coverage="50%" />
                  </conditions>
                </line>
                <line number="103" hits="2" branch="False" />
              </lines>
            </method>
            <method name=".ctor" signature="(System.Object,System.String,System.Action)" line-rate="0" branch-rate="1" complexity="1">
              <lines>
                <line number="54" hits="0" branch="False" />
              </lines>
            </method>
            <method name=".ctor" signature="(System.Object,System.String,System.Delegate)" line-rate="1" branch-rate="0.5" complexity="6">
              <lines>
                <line number="72" hits="7" branch="False" />
                <line number="74" hits="7" branch="True" condition-coverage="50% (1/2)">
                  <conditions>
                    <condition number="9" type="jump" coverage="50%" />
                  </conditions>
                </line>
                <line number="75" hits="7" branch="True" condition-coverage="50% (1/2)">
                  <conditions>
                    <condition number="42" type="jump" coverage="50%" />
                  </conditions>
                </line>
                <line number="76" hits="7" branch="True" condition-coverage="50% (1/2)">
                  <conditions>
                    <condition number="60" type="jump" coverage="50%" />
                  </conditions>
                </line>
                <line number="78" hits="7" branch="False" />
                <line number="79" hits="7" branch="False" />
              </lines>
            </method>
          </methods>
          <lines>
            <line number="102" hits="2" branch="True" condition-coverage="50% (1/2)">
              <conditions>
                <condition number="1" type="jump" coverage="50%" />
              </conditions>
            </line>
            <line number="103" hits="2" branch="False" />
            <line number="54" hits="0" branch="False" />
            <line number="72" hits="7" branch="False" />
            <line number="74" hits="7" branch="True" condition-coverage="50% (1/2)">
              <conditions>
                <condition number="9" type="jump" coverage="50%" />
              </conditions>
            </line>
            <line number="75" hits="7" branch="True" condition-coverage="50% (1/2)">
              <conditions>
                <condition number="42" type="jump" coverage="50%" />
              </conditions>
            </line>
            <line number="76" hits="7" branch="True" condition-coverage="50% (1/2)">
              <conditions>
                <condition number="60" type="jump" coverage="50%" />
              </conditions>
            </line>
            <line number="78" hits="7" branch="False" />
            <line number="79" hits="7" branch="False" />
          </lines>
        </class>
        <class name="Cube.KeyValueEventArgs" filename="Libraries\Core\Sources\Events\KeyValueEventArgs.cs" line-rate="0" branch-rate="1" complexity="2">
          <methods>
            <method name="Create" signature="(TKey,TValue)" line-rate="0" branch-rate="1" complexity="1">
              <lines>
                <line number="52" hits="0" branch="False" />
              </lines>
            </method>
            <method name="Create" signature="(TKey,TValue,System.Boolean)" line-rate="0" branch-rate="1" complexity="1">
              <lines>
                <line number="71" hits="0" branch="False" />
              </lines>
            </method>
          </methods>
          <lines>
            <line number="52" hits="0" branch="False" />
            <line number="71" hits="0" branch="False" />
          </lines>
        </class>
        <class name="Cube.KeyValueEventArgs`2" filename="Libraries\Core\Sources\Events\KeyValueEventArgs.cs" line-rate="0" branch-rate="1" complexity="2">
          <methods>
            <method name="get_Key" signature="()" line-rate="0" branch-rate="1" complexity="1">
              <lines>
                <line number="105" hits="0" branch="False" />
              </lines>
            </method>
            <method name=".ctor" signature="(TKey,TValue)" line-rate="0" branch-rate="1" complexity="1">
              <lines>
                <line number="92" hits="0" branch="False" />
              </lines>
            </method>
          </methods>
          <lines>
            <line number="105" hits="0" branch="False" />
            <line number="92" hits="0" branch="False" />
          </lines>
        </class>
        <class name="Cube.KeyValueCancelEventArgs`2" filename="Libraries\Core\Sources\Events\KeyValueEventArgs.cs" line-rate="0" branch-rate="1" complexity="3">
          <methods>
            <method name="get_Key" signature="()" line-rate="0" branch-rate="1" complexity="1">
              <lines>
                <line number="174" hits="0" branch="False" />
              </lines>
            </method>
            <method name=".ctor" signature="(TKey,TValue)" line-rate="0" branch-rate="1" complexity="1">
              <lines>
                <line number="141" hits="0" branch="False" />
              </lines>
            </method>
            <method name=".ctor" signature="(TKey,TValue,System.Boolean)" line-rate="0" branch-rate="1" complexity="1">
              <lines>
                <line number="159" hits="0" branch="False" />
              </lines>
            </method>
          </methods>
          <lines>
            <line number="174" hits="0" branch="False" />
            <line number="141" hits="0" branch="False" />
            <line number="159" hits="0" branch="False" />
          </lines>
        </class>
        <class name="Cube.ValueEventArgs" filename="Libraries\Core\Sources\Events\ValueEventArgs.cs" line-rate="0" branch-rate="1" complexity="3">
          <methods>
            <method name="Create" signature="(T)" line-rate="0" branch-rate="1" complexity="1">
              <lines>
                <line number="51" hits="0" branch="False" />
              </lines>
            </method>
            <method name="Create" signature="(T,System.Boolean)" line-rate="0" branch-rate="1" complexity="1">
              <lines>
                <line number="68" hits="0" branch="False" />
              </lines>
            </method>
            <method name="Create" signature="(T,T)" line-rate="0" branch-rate="1" complexity="1">
              <lines>
                <line number="88" hits="0" branch="False" />
              </lines>
            </method>
          </methods>
          <lines>
            <line number="51" hits="0" branch="False" />
            <line number="68" hits="0" branch="False" />
            <line number="88" hits="0" branch="False" />
          </lines>
        </class>
        <class name="Cube.ValueEventArgs`1" filename="Libraries\Core\Sources\Events\ValueEventArgs.cs" line-rate="0" branch-rate="1" complexity="2">
          <methods>
            <method name="get_Value" signature="()" line-rate="0" branch-rate="1" complexity="1">
              <lines>
                <line number="121" hits="0" branch="False" />
              </lines>
            </method>
            <method name=".ctor" signature="(T)" line-rate="0" branch-rate="1" complexity="1">
              <lines>
                <line number="108" hits="0" branch="False" />
              </lines>
            </method>
          </methods>
          <lines>
            <line number="121" hits="0" branch="False" />
            <line number="108" hits="0" branch="False" />
          </lines>
        </class>
        <class name="Cube.ValueCancelEventArgs`1" filename="Libraries\Core\Sources\Events\ValueEventArgs.cs" line-rate="0" branch-rate="1" complexity="3">
          <methods>
            <method name="get_Value" signature="()" line-rate="0" branch-rate="1" complexity="1">
              <lines>
                <line number="188" hits="0" branch="False" />
              </lines>
            </method>
            <method name=".ctor" signature="(T)" line-rate="0" branch-rate="1" complexity="1">
              <lines>
                <line number="156" hits="0" branch="False" />
              </lines>
            </method>
            <method name=".ctor" signature="(T,System.Boolean)" line-rate="0" branch-rate="1" complexity="1">
              <lines>
                <line number="173" hits="0" branch="False" />
              </lines>
            </method>
          </methods>
          <lines>
            <line number="188" hits="0" branch="False" />
            <line number="156" hits="0" branch="False" />
            <line number="173" hits="0" branch="False" />
          </lines>
        </class>
        <class name="Cube.ValueChangedEventArgs`1" filename="Libraries\Core\Sources\Events\ValueEventArgs.cs" line-rate="0" branch-rate="1" complexity="3">
          <methods>
            <method name="get_OldValue" signature="()" line-rate="0" branch-rate="1" complexity="1">
              <lines>
                <line number="223" hits="0" branch="False" />
              </lines>
            </method>
            <method name="get_NewValue" signature="()" line-rate="0" branch-rate="1" complexity="1">
              <lines>
                <line number="234" hits="0" branch="False" />
              </lines>
            </method>
            <method name=".ctor" signature="(T,T)" line-rate="0" branch-rate="1" complexity="1">
              <lines>
                <line number="210" hits="0" branch="False" />
              </lines>
            </method>
          </methods>
          <lines>
            <line number="223" hits="0" branch="False" />
            <line number="234" hits="0" branch="False" />
            <line number="210" hits="0" branch="False" />
          </lines>
        </class>
        <class name="Cube.Utm" filename="Libraries\Core\Sources\Extensions\Utm.cs" line-rate="0" branch-rate="1" complexity="5">
          <methods>
            <method name="get_Source" signature="()" line-rate="0" branch-rate="1" complexity="1">
              <lines>
                <line number="44" hits="0" branch="False" />
              </lines>
            </method>
            <method name="get_Medium" signature="()" line-rate="0" branch-rate="1" complexity="1">
              <lines>
                <line number="55" hits="0" branch="False" />
              </lines>
            </method>
            <method name="get_Campaign" signature="()" line-rate="0" branch-rate="1" complexity="1">
              <lines>
                <line number="67" hits="0" branch="False" />
              </lines>
            </method>
            <method name="get_Term" signature="()" line-rate="0" branch-rate="1" complexity="1">
              <lines>
                <line number="78" hits="0" branch="False" />
              </lines>
            </method>
            <method name="get_Content" signature="()" line-rate="0" branch-rate="1" complexity="1">
              <lines>
                <line number="90" hits="0" branch="False" />
              </lines>
            </method>
          </methods>
          <lines>
            <line number="44" hits="0" branch="False" />
            <line number="55" hits="0" branch="False" />
            <line number="67" hits="0" branch="False" />
            <line number="78" hits="0" branch="False" />
            <line number="90" hits="0" branch="False" />
          </lines>
        </class>
        <class name="Cube.StreamProxy" filename="Libraries\Core\Sources\FileSystem\StreamProxy.cs" line-rate="0.8332999999999999" branch-rate="0.55" complexity="27">
          <methods>
            <method name="get_CanRead" signature="()" line-rate="0" branch-rate="0" complexity="2">
              <lines>
                <line number="86" hits="0" branch="True" condition-coverage="0% (0/2)">
                  <conditions>
                    <condition number="7" type="jump" coverage="0%" />
                  </conditions>
                </line>
              </lines>
            </method>
            <method name="get_CanSeek" signature="()" line-rate="1" branch-rate="0.5" complexity="2">
              <lines>
                <line number="98" hits="10" branch="True" condition-coverage="50% (1/2)">
                  <conditions>
                    <condition number="7" type="jump" coverage="50%" />
                  </conditions>
                </line>
              </lines>
            </method>
            <method name="get_CanWrite" signature="()" line-rate="1" branch-rate="0.5" complexity="2">
              <lines>
                <line number="110" hits="6" branch="True" condition-coverage="50% (1/2)">
                  <conditions>
                    <condition number="7" type="jump" coverage="50%" />
                  </conditions>
                </line>
              </lines>
            </method>
            <method name="get_Length" signature="()" line-rate="1" branch-rate="0.5" complexity="2">
              <lines>
                <line number="121" hits="264" branch="True" condition-coverage="50% (1/2)">
                  <conditions>
                    <condition number="7" type="jump" coverage="50%" />
                  </conditions>
                </line>
              </lines>
            </method>
            <method name="get_Position" signature="()" line-rate="1" branch-rate="0.5" complexity="2">
              <lines>
                <line number="134" hits="488" branch="True" condition-coverage="50% (1/2)">
                  <conditions>
                    <condition number="7" type="jump" coverage="50%" />
                  </conditions>
                </line>
              </lines>
            </method>
            <method name="set_Position" signature="(System.Int64)" line-rate="1" branch-rate="1" complexity="1">
              <lines>
                <line number="135" hits="260" branch="False" />
              </lines>
            </method>
            <method name="Flush" signature="()" line-rate="0" branch-rate="1" complexity="1">
              <lines>
                <line number="152" hits="0" branch="False" />
              </lines>
            </method>
            <method name="Seek" signature="(System.Int64,System.IO.SeekOrigin)" line-rate="0" branch-rate="1" complexity="1">
              <lines>
                <line number="163" hits="0" branch="False" />
              </lines>
            </method>
            <method name="SetLength" signature="(System.Int64)" line-rate="0" branch-rate="1" complexity="1">
              <lines>
                <line number="174" hits="0" branch="False" />
              </lines>
            </method>
            <method name="Read" signature="(System.Byte[],System.Int32,System.Int32)" line-rate="1" branch-rate="1" complexity="1">
              <lines>
                <line number="187" hits="110" branch="False" />
              </lines>
            </method>
            <method name="Write" signature="(System.Byte[],System.Int32,System.Int32)" line-rate="1" branch-rate="1" complexity="1">
              <lines>
                <line number="201" hits="2" branch="False" />
              </lines>
            </method>
            <method name="Dispose" signature="(System.Boolean)" line-rate="1" branch-rate="0.75" complexity="8">
              <lines>
                <line number="222" hits="2" branch="True" condition-coverage="50% (1/2)">
                  <conditions>
                    <condition number="6" type="jump" coverage="50%" />
                  </conditions>
                </line>
                <line number="223" hits="2" branch="False" />
                <line number="225" hits="2" branch="True" condition-coverage="100% (2/2)">
                  <conditions>
                    <condition number="18" type="jump" coverage="100%" />
                  </conditions>
                </line>
                <line number="227" hits="4" branch="True" condition-coverage="75% (3/4)">
                  <conditions>
                    <condition number="26" type="jump" coverage="100%" />
                    <condition number="35" type="jump" coverage="50%" />
                  </conditions>
                </line>
                <line number="228" hits="2" branch="False" />
                <line number="230" hits="2" branch="False" />
                <line number="231" hits="4" branch="False" />
                <line number="232" hits="2" branch="False" />
              </lines>
            </method>
            <method name=".ctor" signature="(System.IO.Stream)" line-rate="1" branch-rate="1" complexity="1">
              <lines>
                <line number="48" hits="4" branch="False" />
              </lines>
            </method>
            <method name=".ctor" signature="(System.IO.Stream,System.Boolean)" line-rate="1" branch-rate="0.5" complexity="2">
              <lines>
                <line number="66" hits="2" branch="False" />
                <line number="68" hits="2" branch="False" />
                <line number="69" hits="2" branch="True" condition-coverage="50% (1/2)">
                  <conditions>
                    <condition number="16" type="jump" coverage="50%" />
                  </conditions>
                </line>
                <line number="70" hits="2" branch="False" />
              </lines>
            </method>
          </methods>
          <lines>
            <line number="86" hits="0" branch="True" condition-coverage="0% (0/2)">
              <conditions>
                <condition number="7" type="jump" coverage="0%" />
              </conditions>
            </line>
            <line number="98" hits="10" branch="True" condition-coverage="50% (1/2)">
              <conditions>
                <condition number="7" type="jump" coverage="50%" />
              </conditions>
            </line>
            <line number="110" hits="6" branch="True" condition-coverage="50% (1/2)">
              <conditions>
                <condition number="7" type="jump" coverage="50%" />
              </conditions>
            </line>
            <line number="121" hits="264" branch="True" condition-coverage="50% (1/2)">
              <conditions>
                <condition number="7" type="jump" coverage="50%" />
              </conditions>
            </line>
            <line number="134" hits="488" branch="True" condition-coverage="50% (1/2)">
              <conditions>
                <condition number="7" type="jump" coverage="50%" />
              </conditions>
            </line>
            <line number="135" hits="260" branch="False" />
            <line number="152" hits="0" branch="False" />
            <line number="163" hits="0" branch="False" />
            <line number="174" hits="0" branch="False" />
            <line number="187" hits="110" branch="False" />
            <line number="201" hits="2" branch="False" />
            <line number="222" hits="2" branch="True" condition-coverage="50% (1/2)">
              <conditions>
                <condition number="6" type="jump" coverage="50%" />
              </conditions>
            </line>
            <line number="223" hits="2" branch="False" />
            <line number="225" hits="2" branch="True" condition-coverage="100% (2/2)">
              <conditions>
                <condition number="18" type="jump" coverage="100%" />
              </conditions>
            </line>
            <line number="227" hits="4" branch="True" condition-coverage="75% (3/4)">
              <conditions>
                <condition number="26" type="jump" coverage="100%" />
                <condition number="35" type="jump" coverage="50%" />
              </conditions>
            </line>
            <line number="228" hits="2" branch="False" />
            <line number="230" hits="2" branch="False" />
            <line number="231" hits="4" branch="False" />
            <line number="232" hits="2" branch="False" />
            <line number="48" hits="4" branch="False" />
            <line number="66" hits="2" branch="False" />
            <line number="68" hits="2" branch="False" />
            <line number="69" hits="2" branch="True" condition-coverage="50% (1/2)">
              <conditions>
                <condition number="16" type="jump" coverage="50%" />
              </conditions>
            </line>
            <line number="70" hits="2" branch="False" />
          </lines>
        </class>
        <class name="Cube.HashCode" filename="Libraries\Core\Sources\HashCode.cs" line-rate="0" branch-rate="1" complexity="1">
          <methods>
            <method name="Create" signature="(System.Int32[])" line-rate="0" branch-rate="1" complexity="1">
              <lines>
                <line number="55" hits="0" branch="False" />
                <line number="56" hits="0" branch="False" />
                <line number="57" hits="0" branch="False" />
                <line number="58" hits="0" branch="False" />
                <line number="59" hits="0" branch="False" />
              </lines>
            </method>
          </methods>
          <lines>
            <line number="55" hits="0" branch="False" />
            <line number="56" hits="0" branch="False" />
            <line number="57" hits="0" branch="False" />
            <line number="58" hits="0" branch="False" />
            <line number="59" hits="0" branch="False" />
          </lines>
        </class>
        <class name="Cube.Logger" filename="Libraries\Core\Sources\Logger.cs" line-rate="0.3846" branch-rate="0.25" complexity="24">
          <methods>
            <method name="Configure" signature="(Cube.ILoggerSource)" line-rate="1" branch-rate="1" complexity="1">
              <lines>
                <line number="51" hits="1" branch="False" />
              </lines>
            </method>
            <method name="Trace" signature="(System.String,System.String,System.Int32)" line-rate="0" branch-rate="1" complexity="1">
              <lines>
                <line number="71" hits="0" branch="False" />
              </lines>
            </method>
            <method name="Debug" signature="(System.String,System.String,System.Int32)" line-rate="1" branch-rate="1" complexity="1">
              <lines>
                <line number="87" hits="4" branch="False" />
              </lines>
            </method>
            <method name="Info" signature="(System.String,System.String,System.Int32)" line-rate="1" branch-rate="1" complexity="1">
              <lines>
                <line number="107" hits="4" branch="False" />
              </lines>
            </method>
            <method name="Info" signature="(System.Reflection.Assembly,System.String,System.Int32)" line-rate="1" branch-rate="0.5" complexity="2">
              <lines>
                <line number="124" hits="1" branch="True" condition-coverage="50% (1/2)">
                  <conditions>
                    <condition number="5" type="jump" coverage="50%" />
                  </conditions>
                </line>
                <line number="125" hits="1" branch="False" />
                <line number="126" hits="1" branch="False" />
                <line number="127" hits="1" branch="False" />
                <line number="128" hits="1" branch="False" />
                <line number="129" hits="1" branch="False" />
              </lines>
            </method>
            <method name="Warn" signature="(System.String,System.String,System.Int32)" line-rate="0" branch-rate="1" complexity="1">
              <lines>
                <line number="149" hits="0" branch="False" />
              </lines>
            </method>
            <method name="Warn" signature="(System.Exception,System.String,System.Int32)" line-rate="0" branch-rate="1" complexity="1">
              <lines>
                <line number="165" hits="0" branch="False" />
              </lines>
            </method>
            <method name="Error" signature="(System.String,System.String,System.Int32)" line-rate="0" branch-rate="1" complexity="1">
              <lines>
                <line number="185" hits="0" branch="False" />
              </lines>
            </method>
            <method name="Error" signature="(System.Exception,System.String,System.Int32)" line-rate="0" branch-rate="1" complexity="1">
              <lines>
                <line number="201" hits="0" branch="False" />
              </lines>
            </method>
            <method name="Try" signature="(System.Action,System.UInt32,System.String,System.Int32)" line-rate="0" branch-rate="0" complexity="2">
              <lines>
                <line number="230" hits="0" branch="True" condition-coverage="0% (0/2)">
                  <conditions>
                    <condition number="34" type="jump" coverage="0%" />
                  </conditions>
                </line>
                <line number="234" hits="0" branch="False" />
                <line number="235" hits="0" branch="False" />
                <line number="237" hits="0" branch="False" />
                <line number="239" hits="0" branch="False" />
                <line number="240" hits="0" branch="False" />
              </lines>
            </method>
            <method name="TryGet" signature="(System.Func`1&lt;T&gt;,T&amp;,System.UInt32,System.String,System.Int32)" line-rate="0" branch-rate="0" complexity="2">
              <lines>
                <line number="269" hits="0" branch="True" condition-coverage="0% (0/2)">
                  <conditions>
                    <condition number="41" type="jump" coverage="0%" />
                  </conditions>
                </line>
                <line number="273" hits="0" branch="False" />
                <line number="274" hits="0" branch="False" />
                <line number="276" hits="0" branch="False" />
                <line number="279" hits="0" branch="False" />
                <line number="280" hits="0" branch="False" />
                <line number="281" hits="0" branch="False" />
              </lines>
            </method>
            <method name="Warn" signature="(System.Action,System.String,System.Int32)" line-rate="0" branch-rate="1" complexity="1">
              <lines>
                <line number="298" hits="0" branch="False" />
              </lines>
            </method>
            <method name="Error" signature="(System.Action,System.String,System.Int32)" line-rate="0" branch-rate="1" complexity="1">
              <lines>
                <line number="315" hits="0" branch="False" />
              </lines>
            </method>
            <method name="ObserveTaskException" signature="()" line-rate="1" branch-rate="0.5" complexity="4">
              <lines>
                <line number="333" hits="1" branch="True" condition-coverage="100% (2/2)">
                  <conditions>
                    <condition number="6" type="jump" coverage="100%" />
                  </conditions>
                </line>
                <line number="334" hits="1" branch="False" />
                <line number="335" hits="1" branch="True" condition-coverage="0% (0/2)">
                  <conditions>
                    <condition number="6" type="jump" coverage="0%" />
                  </conditions>
                </line>
                <line number="336" hits="1" branch="False" />
              </lines>
            </method>
            <method name="GetErrorMessage" signature="(System.Exception)" line-rate="0" branch-rate="0" complexity="2">
              <lines>
                <line number="352" hits="0" branch="True" condition-coverage="0% (0/2)">
                  <conditions>
                    <condition number="8" type="jump" coverage="0%" />
                  </conditions>
                </line>
                <line number="353" hits="0" branch="False" />
                <line number="354" hits="0" branch="False" />
              </lines>
            </method>
            <method name="&lt;ObserveTaskException&gt;g__f|13_0" signature="(System.Object,System.Threading.Tasks.UnobservedTaskExceptionEventArgs)" line-rate="0" branch-rate="1" complexity="1">
              <lines>
                <line number="332" hits="0" branch="False" />
              </lines>
            </method>
            <method name=".cctor" signature="()" line-rate="1" branch-rate="1" complexity="1">
              <lines>
                <line number="359" hits="1" branch="False" />
                <line number="360" hits="1" branch="False" />
              </lines>
            </method>
          </methods>
          <lines>
            <line number="51" hits="1" branch="False" />
            <line number="71" hits="0" branch="False" />
            <line number="87" hits="4" branch="False" />
            <line number="107" hits="4" branch="False" />
            <line number="124" hits="1" branch="True" condition-coverage="50% (1/2)">
              <conditions>
                <condition number="5" type="jump" coverage="50%" />
              </conditions>
            </line>
            <line number="125" hits="1" branch="False" />
            <line number="126" hits="1" branch="False" />
            <line number="127" hits="1" branch="False" />
            <line number="128" hits="1" branch="False" />
            <line number="129" hits="1" branch="False" />
            <line number="149" hits="0" branch="False" />
            <line number="165" hits="0" branch="False" />
            <line number="185" hits="0" branch="False" />
            <line number="201" hits="0" branch="False" />
            <line number="230" hits="0" branch="True" condition-coverage="0% (0/2)">
              <conditions>
                <condition number="34" type="jump" coverage="0%" />
              </conditions>
            </line>
            <line number="234" hits="0" branch="False" />
            <line number="235" hits="0" branch="False" />
            <line number="237" hits="0" branch="False" />
            <line number="239" hits="0" branch="False" />
            <line number="240" hits="0" branch="False" />
            <line number="269" hits="0" branch="True" condition-coverage="0% (0/2)">
              <conditions>
                <condition number="41" type="jump" coverage="0%" />
              </conditions>
            </line>
            <line number="273" hits="0" branch="False" />
            <line number="274" hits="0" branch="False" />
            <line number="276" hits="0" branch="False" />
            <line number="279" hits="0" branch="False" />
            <line number="280" hits="0" branch="False" />
            <line number="281" hits="0" branch="False" />
            <line number="298" hits="0" branch="False" />
            <line number="315" hits="0" branch="False" />
            <line number="333" hits="1" branch="True" condition-coverage="100% (2/2)">
              <conditions>
                <condition number="6" type="jump" coverage="100%" />
              </conditions>
            </line>
            <line number="334" hits="1" branch="False" />
            <line number="335" hits="1" branch="True" condition-coverage="0% (0/2)">
              <conditions>
                <condition number="6" type="jump" coverage="0%" />
              </conditions>
            </line>
            <line number="336" hits="1" branch="False" />
            <line number="352" hits="0" branch="True" condition-coverage="0% (0/2)">
              <conditions>
                <condition number="8" type="jump" coverage="0%" />
              </conditions>
            </line>
            <line number="353" hits="0" branch="False" />
            <line number="354" hits="0" branch="False" />
            <line number="332" hits="0" branch="False" />
            <line number="359" hits="1" branch="False" />
            <line number="360" hits="1" branch="False" />
          </lines>
        </class>
        <class name="Cube.NullLoggerSource" filename="Libraries\Core\Sources\LoggerSource.cs" line-rate="0" branch-rate="1" complexity="1">
          <methods>
            <method name="Log" signature="(System.String,System.Int32,Cube.LogLevel,System.String)" line-rate="0" branch-rate="1" complexity="1">
              <lines>
                <line number="79" hits="0" branch="False" />
              </lines>
            </method>
          </methods>
          <lines>
            <line number="79" hits="0" branch="False" />
          </lines>
        </class>
        <class name="Cube.ActivateMessage" filename="Libraries\Core\Sources\Messages\ActivateMessage.cs" line-rate="1" branch-rate="1" complexity="1">
          <methods>
            <method name=".ctor" signature="()" line-rate="1" branch-rate="1" complexity="1">
              <lines>
                <line number="29" hits="1" branch="False" />
              </lines>
            </method>
          </methods>
          <lines>
            <line number="29" hits="1" branch="False" />
          </lines>
        </class>
        <class name="Cube.ApplyMessage" filename="Libraries\Core\Sources\Messages\ApplyMessage.cs" line-rate="1" branch-rate="1" complexity="1">
          <methods>
            <method name=".ctor" signature="()" line-rate="1" branch-rate="1" complexity="1">
              <lines>
                <line number="30" hits="1" branch="False" />
              </lines>
            </method>
          </methods>
          <lines>
            <line number="30" hits="1" branch="False" />
          </lines>
        </class>
        <class name="Cube.CancelMessage`1" filename="Libraries\Core\Sources\Messages\CancelMessage.cs" line-rate="0" branch-rate="1" complexity="3">
          <methods>
            <method name="get_Cancel" signature="()" line-rate="0" branch-rate="1" complexity="1">
              <lines>
                <line number="71" hits="0" branch="False" />
              </lines>
            </method>
            <method name=".ctor" signature="()" line-rate="0" branch-rate="1" complexity="1">
              <lines>
                <line number="42" hits="0" branch="False" />
              </lines>
            </method>
            <method name=".ctor" signature="(System.String)" line-rate="0" branch-rate="1" complexity="1">
              <lines>
                <line number="56" hits="0" branch="False" />
              </lines>
            </method>
          </methods>
          <lines>
            <line number="71" hits="0" branch="False" />
            <line number="42" hits="0" branch="False" />
            <line number="56" hits="0" branch="False" />
          </lines>
        </class>
        <class name="Cube.CloseMessage" filename="Libraries\Core\Sources\Messages\CloseMessage.cs" line-rate="1" branch-rate="1" complexity="1">
          <methods>
            <method name=".ctor" signature="()" line-rate="1" branch-rate="1" complexity="1">
              <lines>
                <line number="29" hits="1" branch="False" />
              </lines>
            </method>
          </methods>
          <lines>
            <line number="29" hits="1" branch="False" />
          </lines>
        </class>
        <class name="Cube.DialogMessage" filename="Libraries\Core\Sources\Messages\DialogMessage.cs" line-rate="0" branch-rate="0" complexity="7">
          <methods>
            <method name="get_Title" signature="()" line-rate="0" branch-rate="1" complexity="1">
              <lines>
                <line number="69" hits="0" branch="False" />
              </lines>
            </method>
            <method name="get_Icon" signature="()" line-rate="0" branch-rate="1" complexity="1">
              <lines>
                <line number="80" hits="0" branch="False" />
              </lines>
            </method>
            <method name="get_Buttons" signature="()" line-rate="0" branch-rate="1" complexity="1">
              <lines>
                <line number="92" hits="0" branch="False" />
              </lines>
            </method>
            <method name="get_CancelCandidates" signature="()" line-rate="0" branch-rate="1" complexity="1">
              <lines>
                <line number="105" hits="0" branch="False" />
              </lines>
            </method>
            <method name="From" signature="(System.Exception)" line-rate="0" branch-rate="1" complexity="1">
              <lines>
                <line number="123" hits="0" branch="False" />
                <line number="124" hits="0" branch="False" />
                <line number="125" hits="0" branch="False" />
                <line number="126" hits="0" branch="False" />
                <line number="127" hits="0" branch="False" />
                <line number="128" hits="0" branch="False" />
                <line number="129" hits="0" branch="False" />
              </lines>
            </method>
            <method name=".ctor" signature="(System.String)" line-rate="0" branch-rate="0" complexity="2">
              <lines>
                <line number="50" hits="0" branch="False" />
                <line number="52" hits="0" branch="False" />
                <line number="53" hits="0" branch="True" condition-coverage="0% (0/2)">
                  <conditions>
                    <condition number="45" type="jump" coverage="0%" />
                  </conditions>
                </line>
                <line number="54" hits="0" branch="False" />
              </lines>
            </method>
          </methods>
          <lines>
            <line number="69" hits="0" branch="False" />
            <line number="80" hits="0" branch="False" />
            <line number="92" hits="0" branch="False" />
            <line number="105" hits="0" branch="False" />
            <line number="123" hits="0" branch="False" />
            <line number="124" hits="0" branch="False" />
            <line number="125" hits="0" branch="False" />
            <line number="126" hits="0" branch="False" />
            <line number="127" hits="0" branch="False" />
            <line number="128" hits="0" branch="False" />
            <line number="129" hits="0" branch="False" />
            <line number="50" hits="0" branch="False" />
            <line number="52" hits="0" branch="False" />
            <line number="53" hits="0" branch="True" condition-coverage="0% (0/2)">
              <conditions>
                <condition number="45" type="jump" coverage="0%" />
              </conditions>
            </line>
            <line number="54" hits="0" branch="False" />
          </lines>
        </class>
        <class name="Cube.DialogStatusExtension" filename="Libraries\Core\Sources\Messages\DialogMessage.cs" line-rate="0" branch-rate="0" complexity="2">
          <methods>
            <method name="Any" signature="(Cube.DialogStatus,Cube.DialogStatus,Cube.DialogStatus[])" line-rate="0" branch-rate="0" complexity="2">
              <lines>
                <line number="244" hits="0" branch="True" condition-coverage="0% (0/2)">
                  <conditions>
                    <condition number="20" type="jump" coverage="0%" />
                  </conditions>
                </line>
              </lines>
            </method>
          </methods>
          <lines>
            <line number="244" hits="0" branch="True" condition-coverage="0% (0/2)">
              <conditions>
                <condition number="20" type="jump" coverage="0%" />
              </conditions>
            </line>
          </lines>
        </class>
        <class name="Cube.FileDialogFilter" filename="Libraries\Core\Sources\Messages\FileDialogFilter.cs" line-rate="0" branch-rate="0" complexity="15">
          <methods>
            <method name="get_Text" signature="()" line-rate="0" branch-rate="1" complexity="1">
              <lines>
                <line number="94" hits="0" branch="False" />
              </lines>
            </method>
            <method name="get_Targets" signature="()" line-rate="0" branch-rate="1" complexity="1">
              <lines>
                <line number="105" hits="0" branch="False" />
              </lines>
            </method>
            <method name="get_IgnoreCase" signature="()" line-rate="0" branch-rate="1" complexity="1">
              <lines>
                <line number="117" hits="0" branch="False" />
              </lines>
            </method>
            <method name="ToString" signature="()" line-rate="0" branch-rate="0" complexity="2">
              <lines>
                <line number="134" hits="0" branch="False" />
                <line number="135" hits="0" branch="True" condition-coverage="0% (0/2)">
                  <conditions>
                    <condition number="50" type="jump" coverage="0%" />
                  </conditions>
                </line>
                <line number="136" hits="0" branch="False" />
                <line number="137" hits="0" branch="False" />
                <line number="139" hits="0" branch="False" />
              </lines>
            </method>
            <method name="Normalize" signature="(System.Collections.Generic.IEnumerable`1&lt;System.String&gt;)" line-rate="0" branch-rate="0" complexity="6">
              <lines>
                <line number="155" hits="0" branch="False" />
                <line number="156" hits="0" branch="False" />
                <line number="157" hits="0" branch="True" condition-coverage="0% (0/4)">
                  <conditions>
                    <condition number="6" type="jump" coverage="0%" />
                    <condition number="19" type="jump" coverage="0%" />
                  </conditions>
                </line>
                <line number="158" hits="0" branch="True" condition-coverage="0% (0/2)">
                  <conditions>
                    <condition number="34" type="jump" coverage="0%" />
                  </conditions>
                </line>
                <line number="159" hits="0" branch="False" />
                <line number="160" hits="0" branch="False" />
              </lines>
            </method>
            <method name="Format" signature="(System.String)" line-rate="0" branch-rate="0" complexity="2">
              <lines>
                <line number="174" hits="0" branch="True" condition-coverage="0% (0/2)">
                  <conditions>
                    <condition number="6" type="jump" coverage="0%" />
                  </conditions>
                </line>
                <line number="176" hits="0" branch="False" />
                <line number="178" hits="0" branch="False" />
                <line number="179" hits="0" branch="False" />
                <line number="180" hits="0" branch="False" />
                <line number="181" hits="0" branch="False" />
                <line number="182" hits="0" branch="False" />
                <line number="183" hits="0" branch="False" />
              </lines>
            </method>
            <method name=".ctor" signature="(System.String,System.String[])" line-rate="0" branch-rate="1" complexity="1">
              <lines>
                <line number="56" hits="0" branch="False" />
              </lines>
            </method>
            <method name=".ctor" signature="(System.String,System.Boolean,System.String[])" line-rate="0" branch-rate="1" complexity="1">
              <lines>
                <line number="74" hits="0" branch="False" />
                <line number="76" hits="0" branch="False" />
                <line number="77" hits="0" branch="False" />
                <line number="78" hits="0" branch="False" />
                <line number="79" hits="0" branch="False" />
              </lines>
            </method>
          </methods>
          <lines>
            <line number="94" hits="0" branch="False" />
            <line number="105" hits="0" branch="False" />
            <line number="117" hits="0" branch="False" />
            <line number="134" hits="0" branch="False" />
            <line number="135" hits="0" branch="True" condition-coverage="0% (0/2)">
              <conditions>
                <condition number="50" type="jump" coverage="0%" />
              </conditions>
            </line>
            <line number="136" hits="0" branch="False" />
            <line number="137" hits="0" branch="False" />
            <line number="139" hits="0" branch="False" />
            <line number="155" hits="0" branch="False" />
            <line number="156" hits="0" branch="False" />
            <line number="157" hits="0" branch="True" condition-coverage="0% (0/4)">
              <conditions>
                <condition number="6" type="jump" coverage="0%" />
                <condition number="19" type="jump" coverage="0%" />
              </conditions>
            </line>
            <line number="158" hits="0" branch="True" condition-coverage="0% (0/2)">
              <conditions>
                <condition number="34" type="jump" coverage="0%" />
              </conditions>
            </line>
            <line number="159" hits="0" branch="False" />
            <line number="160" hits="0" branch="False" />
            <line number="174" hits="0" branch="True" condition-coverage="0% (0/2)">
              <conditions>
                <condition number="6" type="jump" coverage="0%" />
              </conditions>
            </line>
            <line number="176" hits="0" branch="False" />
            <line number="178" hits="0" branch="False" />
            <line number="179" hits="0" branch="False" />
            <line number="180" hits="0" branch="False" />
            <line number="181" hits="0" branch="False" />
            <line number="182" hits="0" branch="False" />
            <line number="183" hits="0" branch="False" />
            <line number="56" hits="0" branch="False" />
            <line number="74" hits="0" branch="False" />
            <line number="76" hits="0" branch="False" />
            <line number="77" hits="0" branch="False" />
            <line number="78" hits="0" branch="False" />
            <line number="79" hits="0" branch="False" />
          </lines>
        </class>
        <class name="Cube.Message`1" filename="Libraries\Core\Sources\Messages\Message.cs" line-rate="0" branch-rate="1" complexity="3">
          <methods>
            <method name="get_Value" signature="()" line-rate="0" branch-rate="1" complexity="1">
              <lines>
                <line number="71" hits="0" branch="False" />
              </lines>
            </method>
            <method name=".ctor" signature="()" line-rate="0" branch-rate="1" complexity="1">
              <lines>
                <line number="42" hits="0" branch="False" />
              </lines>
            </method>
            <method name=".ctor" signature="(System.String)" line-rate="0" branch-rate="1" complexity="1">
              <lines>
                <line number="56" hits="0" branch="False" />
              </lines>
            </method>
          </methods>
          <lines>
            <line number="71" hits="0" branch="False" />
            <line number="42" hits="0" branch="False" />
            <line number="56" hits="0" branch="False" />
          </lines>
        </class>
        <class name="Cube.MessageBase" filename="Libraries\Core\Sources\Messages\MessageBase.cs" line-rate="0.3333" branch-rate="1" complexity="3">
          <methods>
            <method name="get_Text" signature="()" line-rate="0" branch-rate="1" complexity="1">
              <lines>
                <line number="60" hits="0" branch="False" />
              </lines>
            </method>
            <method name="ToString" signature="()" line-rate="0" branch-rate="1" complexity="1">
              <lines>
                <line number="79" hits="0" branch="False" />
              </lines>
            </method>
            <method name=".ctor" signature="(System.String)" line-rate="1" branch-rate="1" complexity="1">
              <lines>
                <line number="45" hits="6" branch="False" />
              </lines>
            </method>
          </methods>
          <lines>
            <line number="60" hits="0" branch="False" />
            <line number="79" hits="0" branch="False" />
            <line number="45" hits="6" branch="False" />
          </lines>
        </class>
        <class name="Cube.OpenDirectoryMessage" filename="Libraries\Core\Sources\Messages\OpenDirectoryMessage.cs" line-rate="0" branch-rate="0" complexity="7">
          <methods>
            <method name="get_NewButton" signature="()" line-rate="0" branch-rate="1" complexity="1">
              <lines>
                <line number="74" hits="0" branch="False" />
              </lines>
            </method>
            <method name="Set" signature="(Cube.FileSystem.Entity)" line-rate="0" branch-rate="0" complexity="4">
              <lines>
                <line number="92" hits="0" branch="True" condition-coverage="0% (0/4)">
                  <conditions>
                    <condition number="2" type="jump" coverage="0%" />
                    <condition number="10" type="jump" coverage="0%" />
                  </conditions>
                </line>
                <line number="93" hits="0" branch="False" />
                <line number="94" hits="0" branch="False" />
                <line number="95" hits="0" branch="False" />
              </lines>
            </method>
            <method name=".ctor" signature="()" line-rate="0" branch-rate="1" complexity="1">
              <lines>
                <line number="44" hits="0" branch="False" />
              </lines>
            </method>
            <method name=".ctor" signature="(System.String)" line-rate="0" branch-rate="1" complexity="1">
              <lines>
                <line number="58" hits="0" branch="False" />
              </lines>
            </method>
          </methods>
          <lines>
            <line number="74" hits="0" branch="False" />
            <line number="92" hits="0" branch="True" condition-coverage="0% (0/4)">
              <conditions>
                <condition number="2" type="jump" coverage="0%" />
                <condition number="10" type="jump" coverage="0%" />
              </conditions>
            </line>
            <line number="93" hits="0" branch="False" />
            <line number="94" hits="0" branch="False" />
            <line number="95" hits="0" branch="False" />
            <line number="44" hits="0" branch="False" />
            <line number="58" hits="0" branch="False" />
          </lines>
        </class>
        <class name="Cube.OpenFileMessage" filename="Libraries\Core\Sources\Messages\OpenFileMessage.cs" line-rate="0" branch-rate="0" complexity="10">
          <methods>
            <method name="get_Multiselect" signature="()" line-rate="0" branch-rate="1" complexity="1">
              <lines>
                <line number="80" hits="0" branch="False" />
              </lines>
            </method>
            <method name="Set" signature="(Cube.FileSystem.Entity)" line-rate="0" branch-rate="0" complexity="6">
              <lines>
                <line number="100" hits="0" branch="True" condition-coverage="0% (0/2)">
                  <conditions>
                    <condition number="1" type="jump" coverage="0%" />
                  </conditions>
                </line>
                <line number="101" hits="0" branch="True" condition-coverage="0% (0/2)">
                  <conditions>
                    <condition number="11" type="jump" coverage="0%" />
                  </conditions>
                </line>
                <line number="102" hits="0" branch="True" condition-coverage="0% (0/2)">
                  <conditions>
                    <condition number="47" type="jump" coverage="0%" />
                  </conditions>
                </line>
[...]
            <line number="82" hits="1" branch="False" />
            <line number="84" hits="1" branch="False" />
            <line number="85" hits="1" branch="False" />
            <line number="86" hits="1" branch="False" />
            <line number="87" hits="1" branch="False" />
          </lines>
        </class>
        <class name="Cube.Xui.Tests.Behaviors.CommandBehaviorTest" filename="Tests\Xui\Sources\Behaviors\CommandBehaviorTest.cs" line-rate="1" branch-rate="1" complexity="1">
          <methods>
            <method name="Test" signature="()" line-rate="1" branch-rate="1" complexity="1">
              <lines>
                <line number="49" hits="1" branch="False" />
                <line number="50" hits="1" branch="False" />
                <line number="51" hits="1" branch="False" />
                <line number="53" hits="1" branch="False" />
                <line number="54" hits="1" branch="False" />
                <line number="55" hits="1" branch="False" />
                <line number="56" hits="1" branch="False" />
                <line number="57" hits="1" branch="False" />
                <line number="58" hits="1" branch="False" />
              </lines>
            </method>
          </methods>
          <lines>
            <line number="49" hits="1" branch="False" />
            <line number="50" hits="1" branch="False" />
            <line number="51" hits="1" branch="False" />
            <line number="53" hits="1" branch="False" />
            <line number="54" hits="1" branch="False" />
            <line number="55" hits="1" branch="False" />
            <line number="56" hits="1" branch="False" />
            <line number="57" hits="1" branch="False" />
            <line number="58" hits="1" branch="False" />
          </lines>
        </class>
        <class name="Cube.Xui.Tests.Behaviors.DialogBehaviorTest" filename="Tests\Xui\Sources\Behaviors\DialogBehaviorTest.cs" line-rate="1" branch-rate="1" complexity="2">
          <methods>
            <method name="Test" signature="()" line-rate="1" branch-rate="1" complexity="2">
              <lines>
                <line number="52" hits="1" branch="False" />
                <line number="53" hits="1" branch="False" />
                <line number="54" hits="1" branch="False" />
                <line number="55" hits="1" branch="False" />
                <line number="56" hits="1" branch="False" />
                <line number="57" hits="1" branch="False" />
                <line number="58" hits="1" branch="False" />
                <line number="59" hits="1" branch="False" />
                <line number="61" hits="14" branch="True" condition-coverage="100% (2/2)">
                  <conditions>
                    <condition number="93" type="jump" coverage="100%" />
                  </conditions>
                </line>
                <line number="62" hits="1" branch="False" />
              </lines>
            </method>
          </methods>
          <lines>
            <line number="52" hits="1" branch="False" />
            <line number="53" hits="1" branch="False" />
            <line number="54" hits="1" branch="False" />
            <line number="55" hits="1" branch="False" />
            <line number="56" hits="1" branch="False" />
            <line number="57" hits="1" branch="False" />
            <line number="58" hits="1" branch="False" />
            <line number="59" hits="1" branch="False" />
            <line number="61" hits="14" branch="True" condition-coverage="100% (2/2)">
              <conditions>
                <condition number="93" type="jump" coverage="100%" />
              </conditions>
            </line>
            <line number="62" hits="1" branch="False" />
          </lines>
        </class>
        <class name="Cube.Xui.Tests.Behaviors.EventToCommandTest" filename="Tests\Xui\Sources\Behaviors\EventToCommandTest.cs" line-rate="1" branch-rate="1" complexity="5">
          <methods>
            <method name="Show" signature="()" line-rate="1" branch-rate="1" complexity="1">
              <lines>
                <line number="54" hits="1" branch="False" />
                <line number="55" hits="1" branch="False" />
                <line number="56" hits="1" branch="False" />
                <line number="57" hits="1" branch="False" />
                <line number="58" hits="1" branch="False" />
                <line number="59" hits="1" branch="False" />
                <line number="60" hits="1" branch="False" />
                <line number="61" hits="1" branch="False" />
                <line number="62" hits="1" branch="False" />
                <line number="63" hits="1" branch="False" />
                <line number="65" hits="1" branch="False" />
                <line number="66" hits="1" branch="False" />
                <line number="67" hits="1" branch="False" />
                <line number="68" hits="1" branch="False" />
              </lines>
            </method>
            <method name="Close" signature="()" line-rate="1" branch-rate="1" complexity="4">
              <lines>
                <line number="83" hits="1" branch="False" />
                <line number="84" hits="1" branch="False" />
                <line number="86" hits="1" branch="False" />
                <line number="87" hits="1" branch="False" />
                <line number="88" hits="1" branch="False" />
                <line number="89" hits="1" branch="False" />
                <line number="90" hits="2" branch="False" />
                <line number="91" hits="1" branch="False" />
                <line number="92" hits="1" branch="False" />
                <line number="93" hits="1" branch="False" />
                <line number="95" hits="1" branch="False" />
                <line number="96" hits="8" branch="True" condition-coverage="100% (2/2)">
                  <conditions>
                    <condition number="176" type="jump" coverage="100%" />
                  </conditions>
                </line>
                <line number="97" hits="11" branch="True" condition-coverage="100% (2/2)">
                  <conditions>
                    <condition number="207" type="jump" coverage="100%" />
                  </conditions>
                </line>
                <line number="99" hits="1" branch="False" />
                <line number="100" hits="1" branch="False" />
                <line number="101" hits="1" branch="False" />
                <line number="102" hits="1" branch="False" />
              </lines>
            </method>
          </methods>
          <lines>
            <line number="54" hits="1" branch="False" />
            <line number="55" hits="1" branch="False" />
            <line number="56" hits="1" branch="False" />
            <line number="57" hits="1" branch="False" />
            <line number="58" hits="1" branch="False" />
            <line number="59" hits="1" branch="False" />
            <line number="60" hits="1" branch="False" />
            <line number="61" hits="1" branch="False" />
            <line number="62" hits="1" branch="False" />
            <line number="63" hits="1" branch="False" />
            <line number="65" hits="1" branch="False" />
            <line number="66" hits="1" branch="False" />
            <line number="67" hits="1" branch="False" />
            <line number="68" hits="1" branch="False" />
            <line number="83" hits="1" branch="False" />
            <line number="84" hits="1" branch="False" />
            <line number="86" hits="1" branch="False" />
            <line number="87" hits="1" branch="False" />
            <line number="88" hits="1" branch="False" />
            <line number="89" hits="1" branch="False" />
            <line number="90" hits="2" branch="False" />
            <line number="91" hits="1" branch="False" />
            <line number="92" hits="1" branch="False" />
            <line number="93" hits="1" branch="False" />
            <line number="95" hits="1" branch="False" />
            <line number="96" hits="8" branch="True" condition-coverage="100% (2/2)">
              <conditions>
                <condition number="176" type="jump" coverage="100%" />
              </conditions>
            </line>
            <line number="97" hits="11" branch="True" condition-coverage="100% (2/2)">
              <conditions>
                <condition number="207" type="jump" coverage="100%" />
              </conditions>
            </line>
            <line number="99" hits="1" branch="False" />
            <line number="100" hits="1" branch="False" />
            <line number="101" hits="1" branch="False" />
            <line number="102" hits="1" branch="False" />
          </lines>
        </class>
        <class name="Cube.Xui.Tests.Behaviors.FileDropBehaviorTest" filename="Tests\Xui\Sources\Behaviors\FileDropToCommandTest.cs" line-rate="1" branch-rate="1" complexity="1">
          <methods>
            <method name="Test" signature="()" line-rate="1" branch-rate="1" complexity="1">
              <lines>
                <line number="50" hits="1" branch="False" />
                <line number="51" hits="1" branch="False" />
                <line number="53" hits="1" branch="False" />
                <line number="54" hits="1" branch="False" />
                <line number="55" hits="1" branch="False" />
                <line number="56" hits="1" branch="False" />
              </lines>
            </method>
          </methods>
          <lines>
            <line number="50" hits="1" branch="False" />
            <line number="51" hits="1" branch="False" />
            <line number="53" hits="1" branch="False" />
            <line number="54" hits="1" branch="False" />
            <line number="55" hits="1" branch="False" />
            <line number="56" hits="1" branch="False" />
          </lines>
        </class>
        <class name="Cube.Xui.Tests.Behaviors.PasswordBehaviorTest" filename="Tests\Xui\Sources\Behaviors\PasswordBehaviorTest.cs" line-rate="1" branch-rate="1" complexity="1">
          <methods>
            <method name="Test" signature="()" line-rate="1" branch-rate="1" complexity="1">
              <lines>
                <line number="50" hits="1" branch="False" />
                <line number="51" hits="1" branch="False" />
                <line number="53" hits="1" branch="False" />
                <line number="54" hits="1" branch="False" />
                <line number="55" hits="1" branch="False" />
                <line number="57" hits="1" branch="False" />
                <line number="58" hits="1" branch="False" />
                <line number="59" hits="1" branch="False" />
                <line number="60" hits="1" branch="False" />
              </lines>
            </method>
          </methods>
          <lines>
            <line number="50" hits="1" branch="False" />
            <line number="51" hits="1" branch="False" />
            <line number="53" hits="1" branch="False" />
            <line number="54" hits="1" branch="False" />
            <line number="55" hits="1" branch="False" />
            <line number="57" hits="1" branch="False" />
            <line number="58" hits="1" branch="False" />
            <line number="59" hits="1" branch="False" />
            <line number="60" hits="1" branch="False" />
          </lines>
        </class>
        <class name="Cube.Xui.Tests.Behaviors.SelectionBehaviorTest" filename="Tests\Xui\Sources\Behaviors\SelectionBehaviorTest.cs" line-rate="1" branch-rate="1" complexity="1">
          <methods>
            <method name="Test" signature="()" line-rate="1" branch-rate="1" complexity="1">
              <lines>
                <line number="50" hits="1" branch="False" />
                <line number="51" hits="1" branch="False" />
                <line number="53" hits="1" branch="False" />
                <line number="54" hits="1" branch="False" />
                <line number="55" hits="1" branch="False" />
              </lines>
            </method>
          </methods>
          <lines>
            <line number="50" hits="1" branch="False" />
            <line number="51" hits="1" branch="False" />
            <line number="53" hits="1" branch="False" />
            <line number="54" hits="1" branch="False" />
            <line number="55" hits="1" branch="False" />
          </lines>
        </class>
        <class name="Cube.Xui.Tests.Behaviors.ShowBehaviorTest" filename="Tests\Xui\Sources\Behaviors\ShowBehaviorTest.cs" line-rate="1" branch-rate="1" complexity="1">
          <methods>
            <method name="Test" signature="()" line-rate="1" branch-rate="1" complexity="1">
              <lines>
                <line number="49" hits="1" branch="False" />
                <line number="50" hits="1" branch="False" />
                <line number="51" hits="1" branch="False" />
                <line number="52" hits="1" branch="False" />
              </lines>
            </method>
          </methods>
          <lines>
            <line number="49" hits="1" branch="False" />
            <line number="50" hits="1" branch="False" />
            <line number="51" hits="1" branch="False" />
            <line number="52" hits="1" branch="False" />
          </lines>
        </class>
        <class name="Cube.Xui.Tests.Behaviors.ShowDialogBehaviorTest" filename="Tests\Xui\Sources\Behaviors\ShowDialogBehaviorTest.cs" line-rate="1" branch-rate="1" complexity="1">
          <methods>
            <method name="Test" signature="()" line-rate="1" branch-rate="1" complexity="1">
              <lines>
                <line number="49" hits="1" branch="False" />
                <line number="50" hits="1" branch="False" />
                <line number="51" hits="1" branch="False" />
                <line number="52" hits="1" branch="False" />
              </lines>
            </method>
          </methods>
          <lines>
            <line number="49" hits="1" branch="False" />
            <line number="50" hits="1" branch="False" />
            <line number="51" hits="1" branch="False" />
            <line number="52" hits="1" branch="False" />
          </lines>
        </class>
        <class name="Cube.Xui.Tests.Behaviors.WindowsFormsBehaviorTest" filename="Tests\Xui\Sources\Behaviors\WindowsFormsBehaviorTest.cs" line-rate="1" branch-rate="1" complexity="2">
          <methods>
            <method name="Test" signature="()" line-rate="1" branch-rate="1" complexity="1">
              <lines>
                <line number="53" hits="1" branch="False" />
                <line number="54" hits="1" branch="False" />
                <line number="55" hits="1" branch="False" />
                <line number="57" hits="1" branch="False" />
                <line number="58" hits="1" branch="False" />
                <line number="59" hits="1" branch="False" />
                <line number="60" hits="1" branch="False" />
                <line number="61" hits="1" branch="False" />
                <line number="62" hits="1" branch="False" />
              </lines>
            </method>
            <method name="Test_WithNull" signature="()" line-rate="1" branch-rate="1" complexity="1">
              <lines>
                <line number="77" hits="1" branch="False" />
                <line number="78" hits="1" branch="False" />
                <line number="80" hits="1" branch="False" />
                <line number="81" hits="1" branch="False" />
                <line number="82" hits="1" branch="False" />
                <line number="83" hits="1" branch="False" />
                <line number="84" hits="1" branch="False" />
              </lines>
            </method>
          </methods>
          <lines>
            <line number="53" hits="1" branch="False" />
            <line number="54" hits="1" branch="False" />
            <line number="55" hits="1" branch="False" />
            <line number="57" hits="1" branch="False" />
            <line number="58" hits="1" branch="False" />
            <line number="59" hits="1" branch="False" />
            <line number="60" hits="1" branch="False" />
            <line number="61" hits="1" branch="False" />
            <line number="62" hits="1" branch="False" />
            <line number="77" hits="1" branch="False" />
            <line number="78" hits="1" branch="False" />
            <line number="80" hits="1" branch="False" />
            <line number="81" hits="1" branch="False" />
            <line number="82" hits="1" branch="False" />
            <line number="83" hits="1" branch="False" />
            <line number="84" hits="1" branch="False" />
          </lines>
        </class>
        <class name="Cube.Xui.Tests.Properties.Resources" filename="Tests\Xui\Properties\Resources.Designer.cs" line-rate="0.6153" branch-rate="1" complexity="7">
          <methods>
            <method name="get_ResourceManager" signature="()" line-rate="1" branch-rate="1" complexity="2">
              <lines>
                <line number="40" hits="2" branch="True" condition-coverage="100% (2/2)">
                  <conditions>
                    <condition number="5" type="jump" coverage="100%" />
                  </conditions>
                </line>
                <line number="41" hits="1" branch="False" />
                <line number="42" hits="1" branch="False" />
                <line number="44" hits="2" branch="False" />
              </lines>
            </method>
            <method name="get_Culture" signature="()" line-rate="0" branch-rate="1" complexity="1">
              <lines>
                <line number="55" hits="0" branch="False" />
              </lines>
            </method>
            <method name="set_Culture" signature="(System.Globalization.CultureInfo)" line-rate="0" branch-rate="1" complexity="1">
              <lines>
                <line number="58" hits="0" branch="False" />
                <line number="59" hits="0" branch="False" />
              </lines>
            </method>
            <method name="get_App" signature="()" line-rate="1" branch-rate="1" complexity="1">
              <lines>
                <line number="67" hits="1" branch="False" />
                <line number="68" hits="1" branch="False" />
              </lines>
            </method>
            <method name="get_Logo" signature="()" line-rate="1" branch-rate="1" complexity="1">
              <lines>
                <line number="77" hits="1" branch="False" />
                <line number="78" hits="1" branch="False" />
              </lines>
            </method>
            <method name=".ctor" signature="()" line-rate="0" branch-rate="1" complexity="1">
              <lines>
                <line number="31" hits="0" branch="False" />
                <line number="32" hits="0" branch="False" />
              </lines>
            </method>
          </methods>
          <lines>
            <line number="40" hits="2" branch="True" condition-coverage="100% (2/2)">
              <conditions>
                <condition number="5" type="jump" coverage="100%" />
              </conditions>
            </line>
            <line number="41" hits="1" branch="False" />
            <line number="42" hits="1" branch="False" />
            <line number="44" hits="2" branch="False" />
            <line number="55" hits="0" branch="False" />
            <line number="58" hits="0" branch="False" />
            <line number="59" hits="0" branch="False" />
            <line number="67" hits="1" branch="False" />
            <line number="68" hits="1" branch="False" />
            <line number="77" hits="1" branch="False" />
            <line number="78" hits="1" branch="False" />
            <line number="31" hits="0" branch="False" />
            <line number="32" hits="0" branch="False" />
          </lines>
        </class>
      </classes>
    </package>
  </packages>
</coverage>